{
  "stats": {
    "suites": 22,
    "tests": 63,
    "passes": 62,
    "pending": 0,
    "failures": 1,
    "start": "2021-03-09T17:15:35.396Z",
    "end": "2021-03-09T17:15:58.479Z",
    "duration": 23083,
    "testsRegistered": 69,
    "passPercent": 89.85507246376811,
    "pendingPercent": 0,
    "other": 0,
    "hasOther": false,
    "skipped": 6,
    "hasSkipped": true
  },
  "results": [
    {
      "uuid": "659a37f1-607e-420d-b1b6-a1d0c5d089cc",
      "title": "",
      "fullFile": "cypress/integration/project.spec.js",
      "file": "cypress/integration/project.spec.js",
      "beforeHooks": [],
      "afterHooks": [],
      "tests": [],
      "suites": [
        {
          "uuid": "382b2da5-11e3-451e-94a2-9c1ae7f7ad4e",
          "title": "Trybewarts",
          "fullFile": "",
          "file": "",
          "beforeHooks": [],
          "afterHooks": [],
          "tests": [],
          "suites": [
            {
              "uuid": "a5572ac1-9e2b-4d27-bf0b-8b2cb371a184",
              "title": "1 - Crie uma barra verde na parte superior da página",
              "fullFile": "",
              "file": "",
              "beforeHooks": [],
              "afterHooks": [],
              "tests": [
                {
                  "title": "Esta barra deve possuir a classe `header`",
                  "fullTitle": "Trybewarts 1 - Crie uma barra verde na parte superior da página Esta barra deve possuir a classe `header`",
                  "timedOut": null,
                  "duration": 646,
                  "state": "passed",
                  "speed": "slow",
                  "pass": true,
                  "fail": false,
                  "pending": false,
                  "context": null,
                  "code": "cy.get(TOP_BAR_SELECTOR).should('exist');",
                  "err": {},
                  "uuid": "8e638970-8eba-442a-8c13-6bfc9120eea5",
                  "parentUUID": "a5572ac1-9e2b-4d27-bf0b-8b2cb371a184",
                  "isHook": false,
                  "skipped": false
                },
                {
                  "title": "A classe `header` deve determinar que o elemento é um flex container",
                  "fullTitle": "Trybewarts 1 - Crie uma barra verde na parte superior da página A classe `header` deve determinar que o elemento é um flex container",
                  "timedOut": null,
                  "duration": 203,
                  "state": "passed",
                  "speed": "slow",
                  "pass": true,
                  "fail": false,
                  "pending": false,
                  "context": null,
                  "code": "cy.get(TOP_BAR_SELECTOR).should('have.css', 'display', 'flex');",
                  "err": {},
                  "uuid": "80997db7-8340-41a9-9a82-35f09cb4b622",
                  "parentUUID": "a5572ac1-9e2b-4d27-bf0b-8b2cb371a184",
                  "isHook": false,
                  "skipped": false
                },
                {
                  "title": "A classe header deve possuir a propriedade `background-color: rgb(50, 167, 145)`",
                  "fullTitle": "Trybewarts 1 - Crie uma barra verde na parte superior da página A classe header deve possuir a propriedade `background-color: rgb(50, 167, 145)`",
                  "timedOut": null,
                  "duration": 196,
                  "state": "passed",
                  "speed": "slow",
                  "pass": true,
                  "fail": false,
                  "pending": false,
                  "context": null,
                  "code": "cy.get(TOP_BAR_SELECTOR).should('have.css', 'background-color', 'rgb(50, 167, 145)');",
                  "err": {},
                  "uuid": "2ea079da-f8af-4005-96a7-82c99ac0062d",
                  "parentUUID": "a5572ac1-9e2b-4d27-bf0b-8b2cb371a184",
                  "isHook": false,
                  "skipped": false
                }
              ],
              "suites": [],
              "passes": [
                "8e638970-8eba-442a-8c13-6bfc9120eea5",
                "80997db7-8340-41a9-9a82-35f09cb4b622",
                "2ea079da-f8af-4005-96a7-82c99ac0062d"
              ],
              "failures": [],
              "pending": [],
              "skipped": [],
              "duration": 1045,
              "root": false,
              "rootEmpty": false,
              "_timeout": 2000
            },
            {
              "uuid": "d9fcb7ff-3c0b-404e-93f4-fdeec24c7da2",
              "title": "2 - A barra superior deve conter o logotipo do Trybewarts no canto esquerdo com a classe trybewarts-header-logo",
              "fullFile": "",
              "file": "",
              "beforeHooks": [],
              "afterHooks": [],
              "tests": [
                {
                  "title": "Deve existir um elemento img com a classe `trybewarts-header-logo`",
                  "fullTitle": "Trybewarts 2 - A barra superior deve conter o logotipo do Trybewarts no canto esquerdo com a classe trybewarts-header-logo Deve existir um elemento img com a classe `trybewarts-header-logo`",
                  "timedOut": null,
                  "duration": 259,
                  "state": "passed",
                  "speed": "slow",
                  "pass": true,
                  "fail": false,
                  "pending": false,
                  "context": null,
                  "code": "cy.get(TRYBEWARTS_LOGO_SELECTOR).should('exist');",
                  "err": {},
                  "uuid": "1e481a87-79fc-433d-a2b2-7c365b4b3deb",
                  "parentUUID": "d9fcb7ff-3c0b-404e-93f4-fdeec24c7da2",
                  "isHook": false,
                  "skipped": false
                },
                {
                  "title": "O logotipo deve estar alinhado à esquerda dentro da barra verde",
                  "fullTitle": "Trybewarts 2 - A barra superior deve conter o logotipo do Trybewarts no canto esquerdo com a classe trybewarts-header-logo O logotipo deve estar alinhado à esquerda dentro da barra verde",
                  "timedOut": null,
                  "duration": 246,
                  "state": "passed",
                  "speed": "slow",
                  "pass": true,
                  "fail": false,
                  "pending": false,
                  "context": null,
                  "code": "cy.get(TRYBEWARTS_LOGO_SELECTOR).should('be.leftAligned', TOP_BAR_SELECTOR);",
                  "err": {},
                  "uuid": "33d50d6d-6aa9-4eda-8490-f9579b1eaade",
                  "parentUUID": "d9fcb7ff-3c0b-404e-93f4-fdeec24c7da2",
                  "isHook": false,
                  "skipped": false
                },
                {
                  "title": "O atributo src do logotipo deve apontar para images/trybewarts-header-logo.svg",
                  "fullTitle": "Trybewarts 2 - A barra superior deve conter o logotipo do Trybewarts no canto esquerdo com a classe trybewarts-header-logo O atributo src do logotipo deve apontar para images/trybewarts-header-logo.svg",
                  "timedOut": null,
                  "duration": 253,
                  "state": "passed",
                  "speed": "slow",
                  "pass": true,
                  "fail": false,
                  "pending": false,
                  "context": null,
                  "code": "cy.get(TRYBEWARTS_LOGO_SELECTOR).should('have.attr', 'src').should('equal', 'images/trybewarts-header-logo.svg');",
                  "err": {},
                  "uuid": "dd2b5630-167b-4684-afd3-5c6ec0bfad66",
                  "parentUUID": "d9fcb7ff-3c0b-404e-93f4-fdeec24c7da2",
                  "isHook": false,
                  "skipped": false
                }
              ],
              "suites": [],
              "passes": [
                "1e481a87-79fc-433d-a2b2-7c365b4b3deb",
                "33d50d6d-6aa9-4eda-8490-f9579b1eaade",
                "dd2b5630-167b-4684-afd3-5c6ec0bfad66"
              ],
              "failures": [],
              "pending": [],
              "skipped": [],
              "duration": 758,
              "root": false,
              "rootEmpty": false,
              "_timeout": 2000
            },
            {
              "uuid": "19c2dba3-7897-43f0-a8e2-a93753d6f6e2",
              "title": "3 - A barra superior deve conter um formulário de autenticação no canto direito com um input de login, um de senha e um botão de entrar",
              "fullFile": "",
              "file": "",
              "beforeHooks": [],
              "afterHooks": [],
              "tests": [
                {
                  "title": "Existe um formulário com a classe trybewarts-login",
                  "fullTitle": "Trybewarts 3 - A barra superior deve conter um formulário de autenticação no canto direito com um input de login, um de senha e um botão de entrar Existe um formulário com a classe trybewarts-login",
                  "timedOut": null,
                  "duration": 130,
                  "state": "passed",
                  "speed": "slow",
                  "pass": true,
                  "fail": false,
                  "pending": false,
                  "context": null,
                  "code": "cy.get(TRYBEWARTS_LOGIN_FORM_SELECTOR).should('exist');",
                  "err": {},
                  "uuid": "a2145adb-4ba7-4137-8464-d23d834067f1",
                  "parentUUID": "19c2dba3-7897-43f0-a8e2-a93753d6f6e2",
                  "isHook": false,
                  "skipped": false
                },
                {
                  "title": "O formulário deve estar alinhado à direita dentro da barra verde",
                  "fullTitle": "Trybewarts 3 - A barra superior deve conter um formulário de autenticação no canto direito com um input de login, um de senha e um botão de entrar O formulário deve estar alinhado à direita dentro da barra verde",
                  "timedOut": null,
                  "duration": 139,
                  "state": "passed",
                  "speed": "slow",
                  "pass": true,
                  "fail": false,
                  "pending": false,
                  "context": null,
                  "code": "cy.get(TOP_BAR_SELECTOR).should('have.css', 'justify-content', 'space-between');",
                  "err": {},
                  "uuid": "8aae1195-7a74-4a96-a650-9d4f304c4def",
                  "parentUUID": "19c2dba3-7897-43f0-a8e2-a93753d6f6e2",
                  "isHook": false,
                  "skipped": false
                },
                {
                  "title": "Existem dois inputs e um botão dentro do formulário",
                  "fullTitle": "Trybewarts 3 - A barra superior deve conter um formulário de autenticação no canto direito com um input de login, um de senha e um botão de entrar Existem dois inputs e um botão dentro do formulário",
                  "timedOut": null,
                  "duration": 148,
                  "state": "passed",
                  "speed": "slow",
                  "pass": true,
                  "fail": false,
                  "pending": false,
                  "context": null,
                  "code": "cy.get(\"\".concat(TRYBEWARTS_LOGIN_FORM_SELECTOR, \" input\")).should(function ($input) {\n  expect($input).to.have.length(2);\n});\ncy.get(\"\".concat(TRYBEWARTS_LOGIN_FORM_SELECTOR, \" button\")).should('exist');",
                  "err": {},
                  "uuid": "ff4c9b18-e32e-48d3-aa93-2394f8067d74",
                  "parentUUID": "19c2dba3-7897-43f0-a8e2-a93753d6f6e2",
                  "isHook": false,
                  "skipped": false
                },
                {
                  "title": "Os inputs deverão conter placeholders com as palavras \"Login\" e \"Senha\", respectivamente",
                  "fullTitle": "Trybewarts 3 - A barra superior deve conter um formulário de autenticação no canto direito com um input de login, um de senha e um botão de entrar Os inputs deverão conter placeholders com as palavras \"Login\" e \"Senha\", respectivamente",
                  "timedOut": null,
                  "duration": 150,
                  "state": "passed",
                  "speed": "slow",
                  "pass": true,
                  "fail": false,
                  "pending": false,
                  "context": null,
                  "code": "cy.get(\"\".concat(TRYBEWARTS_LOGIN_FORM_SELECTOR, \" input\")).should(function ($input) {\n  expect($input[0].placeholder).to.match(/Login/);\n  expect($input[1].placeholder).to.match(/Senha/);\n});",
                  "err": {},
                  "uuid": "151b0a78-87ac-4e25-98cb-1a9100aba6c5",
                  "parentUUID": "19c2dba3-7897-43f0-a8e2-a93753d6f6e2",
                  "isHook": false,
                  "skipped": false
                },
                {
                  "title": "O formulário deve ser um flex container",
                  "fullTitle": "Trybewarts 3 - A barra superior deve conter um formulário de autenticação no canto direito com um input de login, um de senha e um botão de entrar O formulário deve ser um flex container",
                  "timedOut": null,
                  "duration": 143,
                  "state": "passed",
                  "speed": "slow",
                  "pass": true,
                  "fail": false,
                  "pending": false,
                  "context": null,
                  "code": "cy.get(TRYBEWARTS_LOGIN_FORM_SELECTOR).should('have.css', 'display', 'flex');",
                  "err": {},
                  "uuid": "4cd867eb-d4fd-4999-9fd2-1edd12172baf",
                  "parentUUID": "19c2dba3-7897-43f0-a8e2-a93753d6f6e2",
                  "isHook": false,
                  "skipped": false
                },
                {
                  "title": "Ao clicar no botão com login ou senha inválidos, emite um alerta contendo o texto \"Login ou senha inválidos.\"",
                  "fullTitle": "Trybewarts 3 - A barra superior deve conter um formulário de autenticação no canto direito com um input de login, um de senha e um botão de entrar Ao clicar no botão com login ou senha inválidos, emite um alerta contendo o texto \"Login ou senha inválidos.\"",
                  "timedOut": null,
                  "duration": 260,
                  "state": "passed",
                  "speed": "slow",
                  "pass": true,
                  "fail": false,
                  "pending": false,
                  "context": null,
                  "code": "var stub = cy.stub();\ncy.on('window:alert', stub);\ncy.get(\"\".concat(TRYBEWARTS_LOGIN_FORM_SELECTOR, \" button\")).click().then(function () {\n  expect(stub.getCall(0)).to.be.calledWith('Login ou senha inválidos.');\n});",
                  "err": {},
                  "uuid": "7126a62f-b6a3-4faf-9f68-3001a6dfcd4c",
                  "parentUUID": "19c2dba3-7897-43f0-a8e2-a93753d6f6e2",
                  "isHook": false,
                  "skipped": false
                },
                {
                  "title": "Ao clicar no botão com login ou senha válidos, emite um alerta contendo o texto \"Olá, Tryber!\"",
                  "fullTitle": "Trybewarts 3 - A barra superior deve conter um formulário de autenticação no canto direito com um input de login, um de senha e um botão de entrar Ao clicar no botão com login ou senha válidos, emite um alerta contendo o texto \"Olá, Tryber!\"",
                  "timedOut": null,
                  "duration": 980,
                  "state": "passed",
                  "speed": "slow",
                  "pass": true,
                  "fail": false,
                  "pending": false,
                  "context": null,
                  "code": "var stub = cy.stub();\ncy.on('window:alert', stub);\ncy.get(\"\".concat(TRYBEWARTS_LOGIN_FORM_SELECTOR, \" input:nth-child(1)\")).type('tryber@betrybe.com');\ncy.get(\"\".concat(TRYBEWARTS_LOGIN_FORM_SELECTOR, \" input:nth-child(2)\")).type('123456');\ncy.get(\"\".concat(TRYBEWARTS_LOGIN_FORM_SELECTOR, \" button\")).click().then(function () {\n  expect(stub.getCall(0)).to.be.calledWith('Olá, Tryber!');\n});",
                  "err": {},
                  "uuid": "6dd95e0d-df0d-4feb-9a9a-b3b063b86894",
                  "parentUUID": "19c2dba3-7897-43f0-a8e2-a93753d6f6e2",
                  "isHook": false,
                  "skipped": false
                }
              ],
              "suites": [],
              "passes": [
                "a2145adb-4ba7-4137-8464-d23d834067f1",
                "8aae1195-7a74-4a96-a650-9d4f304c4def",
                "ff4c9b18-e32e-48d3-aa93-2394f8067d74",
                "151b0a78-87ac-4e25-98cb-1a9100aba6c5",
                "4cd867eb-d4fd-4999-9fd2-1edd12172baf",
                "7126a62f-b6a3-4faf-9f68-3001a6dfcd4c",
                "6dd95e0d-df0d-4feb-9a9a-b3b063b86894"
              ],
              "failures": [],
              "pending": [],
              "skipped": [],
              "duration": 1950,
              "root": false,
              "rootEmpty": false,
              "_timeout": 2000
            },
            {
              "uuid": "766f84bb-1990-48d0-920f-58e1662fe9dd",
              "title": "4 - Crie um título com o texto 'Trybewarts' centralizado dentro do 'Header'",
              "fullFile": "",
              "file": "",
              "beforeHooks": [],
              "afterHooks": [],
              "tests": [
                {
                  "title": "Deve existir um elemento h1 com o id trybewarts-header-title",
                  "fullTitle": "Trybewarts 4 - Crie um título com o texto 'Trybewarts' centralizado dentro do 'Header' Deve existir um elemento h1 com o id trybewarts-header-title",
                  "timedOut": null,
                  "duration": 116,
                  "state": "passed",
                  "speed": "slow",
                  "pass": true,
                  "fail": false,
                  "pending": false,
                  "context": null,
                  "code": "cy.get(TRYBEWARTS_HEADER_TITLE).should('exist');",
                  "err": {},
                  "uuid": "7b9d4e96-19a8-4939-8675-87530d3bd6c3",
                  "parentUUID": "766f84bb-1990-48d0-920f-58e1662fe9dd",
                  "isHook": false,
                  "skipped": false
                },
                {
                  "title": "O elemento deve possuir o texto \"Trybewarts\"",
                  "fullTitle": "Trybewarts 4 - Crie um título com o texto 'Trybewarts' centralizado dentro do 'Header' O elemento deve possuir o texto \"Trybewarts\"",
                  "timedOut": null,
                  "duration": 102,
                  "state": "passed",
                  "speed": "slow",
                  "pass": true,
                  "fail": false,
                  "pending": false,
                  "context": null,
                  "code": "cy.get(TRYBEWARTS_HEADER_TITLE).should('have.text', 'Trybewarts');",
                  "err": {},
                  "uuid": "15785e84-6f0f-46b3-9972-1c4eadfb9199",
                  "parentUUID": "766f84bb-1990-48d0-920f-58e1662fe9dd",
                  "isHook": false,
                  "skipped": false
                },
                {
                  "title": "O header deve ter exatamente três elementos filhos",
                  "fullTitle": "Trybewarts 4 - Crie um título com o texto 'Trybewarts' centralizado dentro do 'Header' O header deve ter exatamente três elementos filhos",
                  "timedOut": null,
                  "duration": 115,
                  "state": "passed",
                  "speed": "slow",
                  "pass": true,
                  "fail": false,
                  "pending": false,
                  "context": null,
                  "code": "cy.get(TOP_BAR_SELECTOR).children().should('have.length', 3);",
                  "err": {},
                  "uuid": "58d47172-00d9-4adb-94a5-099fbfeee27f",
                  "parentUUID": "766f84bb-1990-48d0-920f-58e1662fe9dd",
                  "isHook": false,
                  "skipped": false
                },
                {
                  "title": "O filho do meio deve ser o título",
                  "fullTitle": "Trybewarts 4 - Crie um título com o texto 'Trybewarts' centralizado dentro do 'Header' O filho do meio deve ser o título",
                  "timedOut": null,
                  "duration": 121,
                  "state": "passed",
                  "speed": "slow",
                  "pass": true,
                  "fail": false,
                  "pending": false,
                  "context": null,
                  "code": "cy.get(TOP_BAR_SELECTOR).children().eq(1).should('match', TRYBEWARTS_HEADER_TITLE);",
                  "err": {},
                  "uuid": "936facfd-e27e-4818-aaec-b16b9f848434",
                  "parentUUID": "766f84bb-1990-48d0-920f-58e1662fe9dd",
                  "isHook": false,
                  "skipped": false
                }
              ],
              "suites": [],
              "passes": [
                "7b9d4e96-19a8-4939-8675-87530d3bd6c3",
                "15785e84-6f0f-46b3-9972-1c4eadfb9199",
                "58d47172-00d9-4adb-94a5-099fbfeee27f",
                "936facfd-e27e-4818-aaec-b16b9f848434"
              ],
              "failures": [],
              "pending": [],
              "skipped": [],
              "duration": 454,
              "root": false,
              "rootEmpty": false,
              "_timeout": 2000
            },
            {
              "uuid": "0096f622-5047-4603-baa3-0171e3b1f3a5",
              "title": "5 - Adicione um formulário no corpo da página, posicionado ao lado esquerdo",
              "fullFile": "",
              "file": "",
              "beforeHooks": [],
              "afterHooks": [],
              "tests": [
                {
                  "title": "Deve existir um formulário com o id `evaluation-form`",
                  "fullTitle": "Trybewarts 5 - Adicione um formulário no corpo da página, posicionado ao lado esquerdo Deve existir um formulário com o id `evaluation-form`",
                  "timedOut": null,
                  "duration": 147,
                  "state": "passed",
                  "speed": "slow",
                  "pass": true,
                  "fail": false,
                  "pending": false,
                  "context": null,
                  "code": "cy.get(EVALUATION_FORM).should('exist');",
                  "err": {},
                  "uuid": "9aef7f42-0395-485a-ae54-eacf578609a3",
                  "parentUUID": "0096f622-5047-4603-baa3-0171e3b1f3a5",
                  "isHook": false,
                  "skipped": false
                },
                {
                  "title": "O formulário deve estar inserido na tag `main` do HTML",
                  "fullTitle": "Trybewarts 5 - Adicione um formulário no corpo da página, posicionado ao lado esquerdo O formulário deve estar inserido na tag `main` do HTML",
                  "timedOut": null,
                  "duration": 151,
                  "state": "passed",
                  "speed": "slow",
                  "pass": true,
                  "fail": false,
                  "pending": false,
                  "context": null,
                  "code": "cy.get('main').children().eq(0).should('match', EVALUATION_FORM);",
                  "err": {},
                  "uuid": "aa784369-d938-4d6c-8b13-076978f0d5ab",
                  "parentUUID": "0096f622-5047-4603-baa3-0171e3b1f3a5",
                  "isHook": false,
                  "skipped": false
                },
                {
                  "title": "Tanto o formulário quanto o `main` devem ser flex containers",
                  "fullTitle": "Trybewarts 5 - Adicione um formulário no corpo da página, posicionado ao lado esquerdo Tanto o formulário quanto o `main` devem ser flex containers",
                  "timedOut": null,
                  "duration": 141,
                  "state": "passed",
                  "speed": "slow",
                  "pass": true,
                  "fail": false,
                  "pending": false,
                  "context": null,
                  "code": "cy.get('main').should('have.css', 'display', 'flex');\ncy.get(EVALUATION_FORM).should('have.css', 'display', 'flex');",
                  "err": {},
                  "uuid": "863ae19e-9d88-4c8b-8fe7-766e7727d75f",
                  "parentUUID": "0096f622-5047-4603-baa3-0171e3b1f3a5",
                  "isHook": false,
                  "skipped": false
                },
                {
                  "title": "O formulário deve ter uma largura de 675px",
                  "fullTitle": "Trybewarts 5 - Adicione um formulário no corpo da página, posicionado ao lado esquerdo O formulário deve ter uma largura de 675px",
                  "timedOut": null,
                  "duration": 144,
                  "state": "passed",
                  "speed": "slow",
                  "pass": true,
                  "fail": false,
                  "pending": false,
                  "context": null,
                  "code": "cy.get(EVALUATION_FORM).should('have.css', 'width', '675px');",
                  "err": {},
                  "uuid": "6cb604b6-ca6e-43a7-bdf6-50eedf9edcd1",
                  "parentUUID": "0096f622-5047-4603-baa3-0171e3b1f3a5",
                  "isHook": false,
                  "skipped": false
                }
              ],
              "suites": [],
              "passes": [
                "9aef7f42-0395-485a-ae54-eacf578609a3",
                "aa784369-d938-4d6c-8b13-076978f0d5ab",
                "863ae19e-9d88-4c8b-8fe7-766e7727d75f",
                "6cb604b6-ca6e-43a7-bdf6-50eedf9edcd1"
              ],
              "failures": [],
              "pending": [],
              "skipped": [],
              "duration": 583,
              "root": false,
              "rootEmpty": false,
              "_timeout": 2000
            },
            {
              "uuid": "b8818c5e-dddc-4930-85b9-db0cc76a2ce1",
              "title": "6 - Crie um id para o formulário do requisito 5",
              "fullFile": "",
              "file": "",
              "beforeHooks": [],
              "afterHooks": [],
              "tests": [
                {
                  "title": "Esse id deverá se chamar `evaluation-form`",
                  "fullTitle": "Trybewarts 6 - Crie um id para o formulário do requisito 5 Esse id deverá se chamar `evaluation-form`",
                  "timedOut": null,
                  "duration": 149,
                  "state": "passed",
                  "speed": "slow",
                  "pass": true,
                  "fail": false,
                  "pending": false,
                  "context": null,
                  "code": "cy.get('#evaluation-form').should('exist');",
                  "err": {},
                  "uuid": "b9ff4311-53b6-4c39-ba74-09b545275264",
                  "parentUUID": "b8818c5e-dddc-4930-85b9-db0cc76a2ce1",
                  "isHook": false,
                  "skipped": false
                },
                {
                  "title": "Esse id deverá possuir a propriedade `display: flex`",
                  "fullTitle": "Trybewarts 6 - Crie um id para o formulário do requisito 5 Esse id deverá possuir a propriedade `display: flex`",
                  "timedOut": null,
                  "duration": 145,
                  "state": "passed",
                  "speed": "slow",
                  "pass": true,
                  "fail": false,
                  "pending": false,
                  "context": null,
                  "code": "cy.get('#evaluation-form').should('have.css', 'display', 'flex');",
                  "err": {},
                  "uuid": "f2672cfc-5180-4fee-8ad3-4e94f89ce8a9",
                  "parentUUID": "b8818c5e-dddc-4930-85b9-db0cc76a2ce1",
                  "isHook": false,
                  "skipped": false
                },
                {
                  "title": "Alinhe o eixo principal dessa classe para ser o eixo vertical",
                  "fullTitle": "Trybewarts 6 - Crie um id para o formulário do requisito 5 Alinhe o eixo principal dessa classe para ser o eixo vertical",
                  "timedOut": null,
                  "duration": 135,
                  "state": "passed",
                  "speed": "slow",
                  "pass": true,
                  "fail": false,
                  "pending": false,
                  "context": null,
                  "code": "cy.get('#evaluation-form').should('have.css', 'flex-direction', 'column');",
                  "err": {},
                  "uuid": "9d2afe11-bebc-4ca7-aa7e-d63768aa409a",
                  "parentUUID": "b8818c5e-dddc-4930-85b9-db0cc76a2ce1",
                  "isHook": false,
                  "skipped": false
                }
              ],
              "suites": [],
              "passes": [
                "b9ff4311-53b6-4c39-ba74-09b545275264",
                "f2672cfc-5180-4fee-8ad3-4e94f89ce8a9",
                "9d2afe11-bebc-4ca7-aa7e-d63768aa409a"
              ],
              "failures": [],
              "pending": [],
              "skipped": [],
              "duration": 429,
              "root": false,
              "rootEmpty": false,
              "_timeout": 2000
            },
            {
              "uuid": "8546f9fb-0b71-4ddf-8173-213d8893e71d",
              "title": "7 - Adicione a logo da Trybewarts no lado direito da página",
              "fullFile": "",
              "file": "",
              "beforeHooks": [],
              "afterHooks": [],
              "tests": [
                {
                  "title": "Deve possuir o id trybewarts-forms-logo",
                  "fullTitle": "Trybewarts 7 - Adicione a logo da Trybewarts no lado direito da página Deve possuir o id trybewarts-forms-logo",
                  "timedOut": null,
                  "duration": 142,
                  "state": "passed",
                  "speed": "slow",
                  "pass": true,
                  "fail": false,
                  "pending": false,
                  "context": null,
                  "code": "cy.get(TRYBEWARTS_LOGO_FORMS_SELECTOR).should('exist');",
                  "err": {},
                  "uuid": "b19f9de1-e532-44eb-8be2-53cac5922821",
                  "parentUUID": "8546f9fb-0b71-4ddf-8173-213d8893e71d",
                  "isHook": false,
                  "skipped": false
                },
                {
                  "title": "O atributo `src` do logotipo deve apontar para `images/trybewarts-logo.png`",
                  "fullTitle": "Trybewarts 7 - Adicione a logo da Trybewarts no lado direito da página O atributo `src` do logotipo deve apontar para `images/trybewarts-logo.png`",
                  "timedOut": null,
                  "duration": 140,
                  "state": "passed",
                  "speed": "slow",
                  "pass": true,
                  "fail": false,
                  "pending": false,
                  "context": null,
                  "code": "cy.get(TRYBEWARTS_LOGO_FORMS_SELECTOR).should('have.attr', 'src').should('equal', './images/Trybewarts-colored.svg');",
                  "err": {},
                  "uuid": "65803bdc-e449-49e3-8a1d-5db4ae7cc5d2",
                  "parentUUID": "8546f9fb-0b71-4ddf-8173-213d8893e71d",
                  "isHook": false,
                  "skipped": false
                }
              ],
              "suites": [],
              "passes": [
                "b19f9de1-e532-44eb-8be2-53cac5922821",
                "65803bdc-e449-49e3-8a1d-5db4ae7cc5d2"
              ],
              "failures": [],
              "pending": [],
              "skipped": [],
              "duration": 282,
              "root": false,
              "rootEmpty": false,
              "_timeout": 2000
            },
            {
              "uuid": "3ef8672b-073f-4da2-bffd-0789eb58d407",
              "title": "8 - No formulário, crie inputs de 'Nome:', 'Sobrenome:' e 'Email'",
              "fullFile": "",
              "file": "",
              "beforeHooks": [],
              "afterHooks": [],
              "tests": [
                {
                  "title": "Inputs de Nome, Sobrenome e Email deverão ser criados",
                  "fullTitle": "Trybewarts 8 - No formulário, crie inputs de 'Nome:', 'Sobrenome:' e 'Email' Inputs de Nome, Sobrenome e Email deverão ser criados",
                  "timedOut": null,
                  "duration": 163,
                  "state": "passed",
                  "speed": "slow",
                  "pass": true,
                  "fail": false,
                  "pending": false,
                  "context": null,
                  "code": "cy.get(USER_NAME_INPUT_SELECTOR).should('exist');\ncy.get(USER_LASTNAME_INPUT_SELECTOR).should('exist');\ncy.get(USER_EMAIL_INPUT_SELECTOR).should('exist');",
                  "err": {},
                  "uuid": "a4361c90-b0bc-4c77-864c-fc30f1839e59",
                  "parentUUID": "3ef8672b-073f-4da2-bffd-0789eb58d407",
                  "isHook": false,
                  "skipped": false
                },
                {
                  "title": "Os inputs deverão conter um placeholder com Nome, Sobrenome e Email em seus respectivos campos",
                  "fullTitle": "Trybewarts 8 - No formulário, crie inputs de 'Nome:', 'Sobrenome:' e 'Email' Os inputs deverão conter um placeholder com Nome, Sobrenome e Email em seus respectivos campos",
                  "timedOut": null,
                  "duration": 146,
                  "state": "passed",
                  "speed": "slow",
                  "pass": true,
                  "fail": false,
                  "pending": false,
                  "context": null,
                  "code": "cy.get(USER_NAME_INPUT_SELECTOR).should('have.attr', 'placeholder', 'Nome');\ncy.get(USER_LASTNAME_INPUT_SELECTOR).should('have.attr', 'placeholder', 'Sobrenome');\ncy.get(USER_EMAIL_INPUT_SELECTOR).should('have.attr', 'placeholder', 'Email');",
                  "err": {},
                  "uuid": "d35d3dbf-5ba6-4db7-b62c-e3168c763a57",
                  "parentUUID": "3ef8672b-073f-4da2-bffd-0789eb58d407",
                  "isHook": false,
                  "skipped": false
                }
              ],
              "suites": [],
              "passes": [
                "a4361c90-b0bc-4c77-864c-fc30f1839e59",
                "d35d3dbf-5ba6-4db7-b62c-e3168c763a57"
              ],
              "failures": [],
              "pending": [],
              "skipped": [],
              "duration": 309,
              "root": false,
              "rootEmpty": false,
              "_timeout": 2000
            },
            {
              "uuid": "9b357697-f730-499c-8d1d-cdbc8b0f2555",
              "title": "9 - Crie um select 'Casa' contendo quatro options",
              "fullFile": "",
              "file": "",
              "beforeHooks": [],
              "afterHooks": [],
              "tests": [
                {
                  "title": "Deverá conter a opção `Gitnória`",
                  "fullTitle": "Trybewarts 9 - Crie um select 'Casa' contendo quatro options Deverá conter a opção `Gitnória`",
                  "timedOut": null,
                  "duration": 157,
                  "state": "passed",
                  "speed": "slow",
                  "pass": true,
                  "fail": false,
                  "pending": false,
                  "context": null,
                  "code": "cy.get(\"#gitnoria-house\").should('exist');",
                  "err": {},
                  "uuid": "54429a11-6116-45da-afc5-62fb4b65367c",
                  "parentUUID": "9b357697-f730-499c-8d1d-cdbc8b0f2555",
                  "isHook": false,
                  "skipped": false
                },
                {
                  "title": "Deverá conter a opção `Reactpuff`",
                  "fullTitle": "Trybewarts 9 - Crie um select 'Casa' contendo quatro options Deverá conter a opção `Reactpuff`",
                  "timedOut": null,
                  "duration": 127,
                  "state": "passed",
                  "speed": "slow",
                  "pass": true,
                  "fail": false,
                  "pending": false,
                  "context": null,
                  "code": "cy.get(\"#reactpuff-house\").should('exist');",
                  "err": {},
                  "uuid": "f35fa062-2a5e-4950-b6a7-fde1c5016368",
                  "parentUUID": "9b357697-f730-499c-8d1d-cdbc8b0f2555",
                  "isHook": false,
                  "skipped": false
                },
                {
                  "title": "Deverá conter a opção ``Corvinode``",
                  "fullTitle": "Trybewarts 9 - Crie um select 'Casa' contendo quatro options Deverá conter a opção ``Corvinode``",
                  "timedOut": null,
                  "duration": 130,
                  "state": "passed",
                  "speed": "slow",
                  "pass": true,
                  "fail": false,
                  "pending": false,
                  "context": null,
                  "code": "cy.get(\"#corvinode-house\").should('exist');",
                  "err": {},
                  "uuid": "693ed3f2-e318-49e7-852b-6e462052de8b",
                  "parentUUID": "9b357697-f730-499c-8d1d-cdbc8b0f2555",
                  "isHook": false,
                  "skipped": false
                },
                {
                  "title": "Deverá conter a opção ``Pytherina``",
                  "fullTitle": "Trybewarts 9 - Crie um select 'Casa' contendo quatro options Deverá conter a opção ``Pytherina``",
                  "timedOut": null,
                  "duration": 128,
                  "state": "passed",
                  "speed": "slow",
                  "pass": true,
                  "fail": false,
                  "pending": false,
                  "context": null,
                  "code": "cy.get(\"#pytherina-house\").should('exist');",
                  "err": {},
                  "uuid": "b1b4f05a-5d24-43cf-b670-605d8c0b4dda",
                  "parentUUID": "9b357697-f730-499c-8d1d-cdbc8b0f2555",
                  "isHook": false,
                  "skipped": false
                }
              ],
              "suites": [],
              "passes": [
                "54429a11-6116-45da-afc5-62fb4b65367c",
                "f35fa062-2a5e-4950-b6a7-fde1c5016368",
                "693ed3f2-e318-49e7-852b-6e462052de8b",
                "b1b4f05a-5d24-43cf-b670-605d8c0b4dda"
              ],
              "failures": [],
              "pending": [],
              "skipped": [],
              "duration": 542,
              "root": false,
              "rootEmpty": false,
              "_timeout": 2000
            },
            {
              "uuid": "acb1a5f0-bfb2-415c-9c25-299eb937baf9",
              "title": "10 - Alinhe os campos de 'Nome' e 'Sobrenome' para que fiquem em linha",
              "fullFile": "",
              "file": "",
              "beforeHooks": [],
              "afterHooks": [],
              "tests": [
                {
                  "title": "Os campos de Nome e Sobrenome devem estar lado a lado",
                  "fullTitle": "Trybewarts 10 - Alinhe os campos de 'Nome' e 'Sobrenome' para que fiquem em linha Os campos de Nome e Sobrenome devem estar lado a lado",
                  "timedOut": null,
                  "duration": 142,
                  "state": "passed",
                  "speed": "slow",
                  "pass": true,
                  "fail": false,
                  "pending": false,
                  "context": null,
                  "code": "cy.get(USER_LASTNAME_INPUT_SELECTOR).should('have.css', 'flex-direction', 'row');\ncy.get(USER_LASTNAME_INPUT_SELECTOR).should('have.css', 'flex-direction', 'row');",
                  "err": {},
                  "uuid": "97fa9f3a-1e08-4722-bb52-7fa144eceaea",
                  "parentUUID": "acb1a5f0-bfb2-415c-9c25-299eb937baf9",
                  "isHook": false,
                  "skipped": false
                }
              ],
              "suites": [],
              "passes": [
                "97fa9f3a-1e08-4722-bb52-7fa144eceaea"
              ],
              "failures": [],
              "pending": [],
              "skipped": [],
              "duration": 142,
              "root": false,
              "rootEmpty": false,
              "_timeout": 2000
            },
            {
              "uuid": "7699a002-e965-40c6-ad31-1a835557e5e0",
              "title": "11 - Alinhe os campos de 'Email' e 'Casa' para fiquem em linha",
              "fullFile": "",
              "file": "",
              "beforeHooks": [],
              "afterHooks": [],
              "tests": [
                {
                  "title": "Os campos de Email e Casa devem estar lado a lado",
                  "fullTitle": "Trybewarts 11 - Alinhe os campos de 'Email' e 'Casa' para fiquem em linha Os campos de Email e Casa devem estar lado a lado",
                  "timedOut": null,
                  "duration": 129,
                  "state": "passed",
                  "speed": "slow",
                  "pass": true,
                  "fail": false,
                  "pending": false,
                  "context": null,
                  "code": "checkIsRightOf('#input-email', '#house');",
                  "err": {},
                  "uuid": "4c8b7492-070d-4987-86d4-53f8f7fdce78",
                  "parentUUID": "7699a002-e965-40c6-ad31-1a835557e5e0",
                  "isHook": false,
                  "skipped": false
                }
              ],
              "suites": [],
              "passes": [
                "4c8b7492-070d-4987-86d4-53f8f7fdce78"
              ],
              "failures": [],
              "pending": [],
              "skipped": [],
              "duration": 129,
              "root": false,
              "rootEmpty": false,
              "_timeout": 2000
            },
            {
              "uuid": "08808f8c-2bf9-416b-bba2-462a871d96df",
              "title": "12 - Crie um campo de entrada para qual família a pessoa estudante se identifica",
              "fullFile": "",
              "file": "",
              "beforeHooks": [],
              "afterHooks": [],
              "tests": [
                {
                  "title": "Um elemento com o id \"label-family\" e o texto \"Qual sua família?\" deverá ser criado",
                  "fullTitle": "Trybewarts 12 - Crie um campo de entrada para qual família a pessoa estudante se identifica Um elemento com o id \"label-family\" e o texto \"Qual sua família?\" deverá ser criado",
                  "timedOut": null,
                  "duration": 150,
                  "state": "passed",
                  "speed": "slow",
                  "pass": true,
                  "fail": false,
                  "pending": false,
                  "context": null,
                  "code": "cy.get('#label-family').contains(LABEL_FAMILY_TEXT);",
                  "err": {},
                  "uuid": "bd06b183-5f95-436a-b58b-283996a4184f",
                  "parentUUID": "08808f8c-2bf9-416b-bba2-462a871d96df",
                  "isHook": false,
                  "skipped": false
                },
                {
                  "title": "O campo deve ser formado por três radio buttons com os valores \"Frontend\", \"Backend\" e \"FullStack\" - Frontend",
                  "fullTitle": "Trybewarts 12 - Crie um campo de entrada para qual família a pessoa estudante se identifica O campo deve ser formado por três radio buttons com os valores \"Frontend\", \"Backend\" e \"FullStack\" - Frontend",
                  "timedOut": null,
                  "duration": 144,
                  "state": "passed",
                  "speed": "slow",
                  "pass": true,
                  "fail": false,
                  "pending": false,
                  "context": null,
                  "code": "cy.get('input[value=\"Frontend\"]').should('exist');",
                  "err": {},
                  "uuid": "6a489997-6717-4739-8a01-34e60774d348",
                  "parentUUID": "08808f8c-2bf9-416b-bba2-462a871d96df",
                  "isHook": false,
                  "skipped": false
                },
                {
                  "title": "O campo deve ser formado por três radio buttons com os valores \"Frontend\", \"Backend\" e \"FullStack\" - Backend",
                  "fullTitle": "Trybewarts 12 - Crie um campo de entrada para qual família a pessoa estudante se identifica O campo deve ser formado por três radio buttons com os valores \"Frontend\", \"Backend\" e \"FullStack\" - Backend",
                  "timedOut": null,
                  "duration": 148,
                  "state": "passed",
                  "speed": "slow",
                  "pass": true,
                  "fail": false,
                  "pending": false,
                  "context": null,
                  "code": "cy.get('input[value=\"Backend\"]').should('exist');",
                  "err": {},
                  "uuid": "ba84b665-63f5-4a73-ab9c-bfe0ec3b2e1a",
                  "parentUUID": "08808f8c-2bf9-416b-bba2-462a871d96df",
                  "isHook": false,
                  "skipped": false
                },
                {
                  "title": "O campo deve ser formado por três radio buttons com os valores \"Frontend\", \"Backend\" e \"FullStack\" - FullStack",
                  "fullTitle": "Trybewarts 12 - Crie um campo de entrada para qual família a pessoa estudante se identifica O campo deve ser formado por três radio buttons com os valores \"Frontend\", \"Backend\" e \"FullStack\" - FullStack",
                  "timedOut": null,
                  "duration": 137,
                  "state": "passed",
                  "speed": "slow",
                  "pass": true,
                  "fail": false,
                  "pending": false,
                  "context": null,
                  "code": "cy.get('input[value=\"FullStack\"]').should('exist');",
                  "err": {},
                  "uuid": "f0aecaef-2c5f-45ec-a5a3-8e4c4aff4b8f",
                  "parentUUID": "08808f8c-2bf9-416b-bba2-462a871d96df",
                  "isHook": false,
                  "skipped": false
                },
                {
                  "title": "Os radio buttons devem ter o atributo name com o valor \"family\"",
                  "fullTitle": "Trybewarts 12 - Crie um campo de entrada para qual família a pessoa estudante se identifica Os radio buttons devem ter o atributo name com o valor \"family\"",
                  "timedOut": null,
                  "duration": 143,
                  "state": "passed",
                  "speed": "slow",
                  "pass": true,
                  "fail": false,
                  "pending": false,
                  "context": null,
                  "code": "cy.get('input[name=\"family\"]').then(function (arr) {\n  return expect(arr.length).to.equal(3);\n});",
                  "err": {},
                  "uuid": "62ec44e1-3698-44fd-8c5a-82ed6938d4e3",
                  "parentUUID": "08808f8c-2bf9-416b-bba2-462a871d96df",
                  "isHook": false,
                  "skipped": false
                },
                {
                  "title": "Posicione os radio buttons para ficar abaixo um do outro",
                  "fullTitle": "Trybewarts 12 - Crie um campo de entrada para qual família a pessoa estudante se identifica Posicione os radio buttons para ficar abaixo um do outro",
                  "timedOut": null,
                  "duration": 136,
                  "state": "passed",
                  "speed": "slow",
                  "pass": true,
                  "fail": false,
                  "pending": false,
                  "context": null,
                  "code": "checkIsBelowOf('input[value=\"Frontend\"]', 'input[value=\"Backend\"]');\ncheckIsBelowOf('input[value=\"Backend\"]', 'input[value=\"FullStack\"]');",
                  "err": {},
                  "uuid": "305bc99a-4819-4195-8b4a-198cd98a26d9",
                  "parentUUID": "08808f8c-2bf9-416b-bba2-462a871d96df",
                  "isHook": false,
                  "skipped": false
                },
                {
                  "title": "Posicione os radio buttons abaixo do label",
                  "fullTitle": "Trybewarts 12 - Crie um campo de entrada para qual família a pessoa estudante se identifica Posicione os radio buttons abaixo do label",
                  "timedOut": null,
                  "duration": 147,
                  "state": "passed",
                  "speed": "slow",
                  "pass": true,
                  "fail": false,
                  "pending": false,
                  "context": null,
                  "code": "checkIsBelowOf('#label-family', 'input[value=\"Frontend\"]');",
                  "err": {},
                  "uuid": "cd12ca8e-d9ab-450d-88c0-eab7ed083f68",
                  "parentUUID": "08808f8c-2bf9-416b-bba2-462a871d96df",
                  "isHook": false,
                  "skipped": false
                }
              ],
              "suites": [],
              "passes": [
                "bd06b183-5f95-436a-b58b-283996a4184f",
                "6a489997-6717-4739-8a01-34e60774d348",
                "ba84b665-63f5-4a73-ab9c-bfe0ec3b2e1a",
                "f0aecaef-2c5f-45ec-a5a3-8e4c4aff4b8f",
                "62ec44e1-3698-44fd-8c5a-82ed6938d4e3",
                "305bc99a-4819-4195-8b4a-198cd98a26d9",
                "cd12ca8e-d9ab-450d-88c0-eab7ed083f68"
              ],
              "failures": [],
              "pending": [],
              "skipped": [],
              "duration": 1005,
              "root": false,
              "rootEmpty": false,
              "_timeout": 2000
            },
            {
              "uuid": "aba20019-488b-4b65-a45c-2b2c30b06af0",
              "title": "13 - Crie campos de entrada do tipo 'checkbox' contendo seis opções",
              "fullFile": "",
              "file": "",
              "beforeHooks": [],
              "afterHooks": [],
              "tests": [
                {
                  "title": "Um elemento com o id \"label-content\" e o texto \"Qual conteúdo você está com mais vontade de aprender?\" deverá ser criado",
                  "fullTitle": "Trybewarts 13 - Crie campos de entrada do tipo 'checkbox' contendo seis opções Um elemento com o id \"label-content\" e o texto \"Qual conteúdo você está com mais vontade de aprender?\" deverá ser criado",
                  "timedOut": null,
                  "duration": 162,
                  "state": "passed",
                  "speed": "slow",
                  "pass": true,
                  "fail": false,
                  "pending": false,
                  "context": null,
                  "code": "cy.get('#label-content').contains(LABEL_CONTENT_TEXT);",
                  "err": {},
                  "uuid": "a6b32de0-c43a-41c6-a363-cc24222db0ad",
                  "parentUUID": "aba20019-488b-4b65-a45c-2b2c30b06af0",
                  "isHook": false,
                  "skipped": false
                },
                {
                  "title": "Campo HoFs",
                  "fullTitle": "Trybewarts 13 - Crie campos de entrada do tipo 'checkbox' contendo seis opções Campo HoFs",
                  "timedOut": null,
                  "duration": 158,
                  "state": "passed",
                  "speed": "slow",
                  "pass": true,
                  "fail": false,
                  "pending": false,
                  "context": null,
                  "code": "cy.get('input[value=\"HoFs\"]').should('exist');",
                  "err": {},
                  "uuid": "17ff580d-22fb-4e55-ba35-5d902c7afc1a",
                  "parentUUID": "aba20019-488b-4b65-a45c-2b2c30b06af0",
                  "isHook": false,
                  "skipped": false
                },
                {
                  "title": "Campo Jest",
                  "fullTitle": "Trybewarts 13 - Crie campos de entrada do tipo 'checkbox' contendo seis opções Campo Jest",
                  "timedOut": null,
                  "duration": 149,
                  "state": "passed",
                  "speed": "slow",
                  "pass": true,
                  "fail": false,
                  "pending": false,
                  "context": null,
                  "code": "cy.get('input[value=\"Jest\"]').should('exist');",
                  "err": {},
                  "uuid": "6d68ca39-6c54-4d7d-9831-4c866a3e672d",
                  "parentUUID": "aba20019-488b-4b65-a45c-2b2c30b06af0",
                  "isHook": false,
                  "skipped": false
                },
                {
                  "title": "Campo Promises",
                  "fullTitle": "Trybewarts 13 - Crie campos de entrada do tipo 'checkbox' contendo seis opções Campo Promises",
                  "timedOut": null,
                  "duration": 142,
                  "state": "passed",
                  "speed": "slow",
                  "pass": true,
                  "fail": false,
                  "pending": false,
                  "context": null,
                  "code": "cy.get('input[value=\"Promises\"]').should('exist');",
                  "err": {},
                  "uuid": "e70edda8-9c12-4c2c-851d-2bc1eb5c5bbe",
                  "parentUUID": "aba20019-488b-4b65-a45c-2b2c30b06af0",
                  "isHook": false,
                  "skipped": false
                },
                {
                  "title": "Campo React",
                  "fullTitle": "Trybewarts 13 - Crie campos de entrada do tipo 'checkbox' contendo seis opções Campo React",
                  "timedOut": null,
                  "duration": 134,
                  "state": "passed",
                  "speed": "slow",
                  "pass": true,
                  "fail": false,
                  "pending": false,
                  "context": null,
                  "code": "cy.get('input[value=\"React\"]').should('exist');",
                  "err": {},
                  "uuid": "1b1e5612-24ab-489c-8628-b35deaf0e8c9",
                  "parentUUID": "aba20019-488b-4b65-a45c-2b2c30b06af0",
                  "isHook": false,
                  "skipped": false
                },
                {
                  "title": "Campo SQL",
                  "fullTitle": "Trybewarts 13 - Crie campos de entrada do tipo 'checkbox' contendo seis opções Campo SQL",
                  "timedOut": null,
                  "duration": 132,
                  "state": "passed",
                  "speed": "slow",
                  "pass": true,
                  "fail": false,
                  "pending": false,
                  "context": null,
                  "code": "cy.get('input[value=\"SQL\"]').should('exist');",
                  "err": {},
                  "uuid": "1065b4c9-4f25-4ed6-9eb9-766e414f6b4b",
                  "parentUUID": "aba20019-488b-4b65-a45c-2b2c30b06af0",
                  "isHook": false,
                  "skipped": false
                },
                {
                  "title": "Campo Python",
                  "fullTitle": "Trybewarts 13 - Crie campos de entrada do tipo 'checkbox' contendo seis opções Campo Python",
                  "timedOut": null,
                  "duration": 137,
                  "state": "passed",
                  "speed": "slow",
                  "pass": true,
                  "fail": false,
                  "pending": false,
                  "context": null,
                  "code": "cy.get('input[value=\"Python\"]').should('exist');",
                  "err": {},
                  "uuid": "baa92d69-93ff-4da4-b52f-49ba4652daf2",
                  "parentUUID": "aba20019-488b-4b65-a45c-2b2c30b06af0",
                  "isHook": false,
                  "skipped": false
                },
                {
                  "title": "Posicione os checkbox abaixo do label",
                  "fullTitle": "Trybewarts 13 - Crie campos de entrada do tipo 'checkbox' contendo seis opções Posicione os checkbox abaixo do label",
                  "timedOut": null,
                  "duration": 123,
                  "state": "passed",
                  "speed": "slow",
                  "pass": true,
                  "fail": false,
                  "pending": false,
                  "context": null,
                  "code": "checkIsBelowOf('#label-content', 'input[value=\"HoFs\"]');",
                  "err": {},
                  "uuid": "1185c245-151c-4fb7-adef-a4106c54b2a7",
                  "parentUUID": "aba20019-488b-4b65-a45c-2b2c30b06af0",
                  "isHook": false,
                  "skipped": false
                }
              ],
              "suites": [],
              "passes": [
                "a6b32de0-c43a-41c6-a363-cc24222db0ad",
                "17ff580d-22fb-4e55-ba35-5d902c7afc1a",
                "6d68ca39-6c54-4d7d-9831-4c866a3e672d",
                "e70edda8-9c12-4c2c-851d-2bc1eb5c5bbe",
                "1b1e5612-24ab-489c-8628-b35deaf0e8c9",
                "1065b4c9-4f25-4ed6-9eb9-766e414f6b4b",
                "baa92d69-93ff-4da4-b52f-49ba4652daf2",
                "1185c245-151c-4fb7-adef-a4106c54b2a7"
              ],
              "failures": [],
              "pending": [],
              "skipped": [],
              "duration": 1137,
              "root": false,
              "rootEmpty": false,
              "_timeout": 2000
            },
            {
              "uuid": "04f000f2-266d-461c-82fe-9ef5056f32d0",
              "title": "14 - Crie campo de entrada para avaliar de 1 a 10 o nível de satisfação com a Trybewarts",
              "fullFile": "",
              "file": "",
              "beforeHooks": [],
              "afterHooks": [],
              "tests": [
                {
                  "title": "Um elemento com o id label-rate e o texto \"Como você avalia a Trybewarts?\" deverá ser criado",
                  "fullTitle": "Trybewarts 14 - Crie campo de entrada para avaliar de 1 a 10 o nível de satisfação com a Trybewarts Um elemento com o id label-rate e o texto \"Como você avalia a Trybewarts?\" deverá ser criado",
                  "timedOut": null,
                  "duration": 142,
                  "state": "passed",
                  "speed": "slow",
                  "pass": true,
                  "fail": false,
                  "pending": false,
                  "context": null,
                  "code": "cy.get('#label-rate').contains(LABEL_RATE_TEXT);",
                  "err": {},
                  "uuid": "a2ef2f90-d523-4ede-9660-0a5b38aeea0e",
                  "parentUUID": "04f000f2-266d-461c-82fe-9ef5056f32d0",
                  "isHook": false,
                  "skipped": false
                },
                {
                  "title": "O campo deve ser formado por dez radio buttons, contendo as opções de 1 a 10",
                  "fullTitle": "Trybewarts 14 - Crie campo de entrada para avaliar de 1 a 10 o nível de satisfação com a Trybewarts O campo deve ser formado por dez radio buttons, contendo as opções de 1 a 10",
                  "timedOut": null,
                  "duration": 157,
                  "state": "passed",
                  "speed": "slow",
                  "pass": true,
                  "fail": false,
                  "pending": false,
                  "context": null,
                  "code": "cy.get('input[name=\"rate\"]').its('length').should('be.gt', 9);",
                  "err": {},
                  "uuid": "ff0fe306-e405-4b95-9031-ee62c5f3707d",
                  "parentUUID": "04f000f2-266d-461c-82fe-9ef5056f32d0",
                  "isHook": false,
                  "skipped": false
                },
                {
                  "title": "Posicione os radio buttons à direita do label",
                  "fullTitle": "Trybewarts 14 - Crie campo de entrada para avaliar de 1 a 10 o nível de satisfação com a Trybewarts Posicione os radio buttons à direita do label",
                  "timedOut": null,
                  "duration": 115,
                  "state": "passed",
                  "speed": "slow",
                  "pass": true,
                  "fail": false,
                  "pending": false,
                  "context": null,
                  "code": "checkIsRightOf('#label-rate', 'input[value=\"1\"]');",
                  "err": {},
                  "uuid": "d58fe1ed-372d-4d96-9373-60116068c04e",
                  "parentUUID": "04f000f2-266d-461c-82fe-9ef5056f32d0",
                  "isHook": false,
                  "skipped": false
                }
              ],
              "suites": [],
              "passes": [
                "a2ef2f90-d523-4ede-9660-0a5b38aeea0e",
                "ff0fe306-e405-4b95-9031-ee62c5f3707d",
                "d58fe1ed-372d-4d96-9373-60116068c04e"
              ],
              "failures": [],
              "pending": [],
              "skipped": [],
              "duration": 414,
              "root": false,
              "rootEmpty": false,
              "_timeout": 2000
            },
            {
              "uuid": "aa0eaaee-4d78-4d2d-811c-73b846abfcbb",
              "title": "15 - Crie uma textarea com o id 'textarea' contendo o número máximo de caracteres igual à 500",
              "fullFile": "",
              "file": "",
              "beforeHooks": [],
              "afterHooks": [],
              "tests": [
                {
                  "title": "Um elemento com o id textarea e o texto \"Deixe seu comentário:\" deverá ser criado\" ",
                  "fullTitle": "Trybewarts 15 - Crie uma textarea com o id 'textarea' contendo o número máximo de caracteres igual à 500 Um elemento com o id textarea e o texto \"Deixe seu comentário:\" deverá ser criado\" ",
                  "timedOut": null,
                  "duration": 150,
                  "state": "passed",
                  "speed": "slow",
                  "pass": true,
                  "fail": false,
                  "pending": false,
                  "context": null,
                  "code": "cy.get('.textarea').contains(LABEL_TEXTAREA);",
                  "err": {},
                  "uuid": "f1685328-84c8-41b9-8077-ee70413793fe",
                  "parentUUID": "aa0eaaee-4d78-4d2d-811c-73b846abfcbb",
                  "isHook": false,
                  "skipped": false
                },
                {
                  "title": "O campo `textarea` deverá ter o máximo de 500 caracteres",
                  "fullTitle": "Trybewarts 15 - Crie uma textarea com o id 'textarea' contendo o número máximo de caracteres igual à 500 O campo `textarea` deverá ter o máximo de 500 caracteres",
                  "timedOut": null,
                  "duration": 122,
                  "state": "passed",
                  "speed": "slow",
                  "pass": true,
                  "fail": false,
                  "pending": false,
                  "context": null,
                  "code": "cy.get('textarea').should('have.attr', 'maxlength', '500');",
                  "err": {},
                  "uuid": "5824fac3-429e-476d-bf87-5ed25f2f9e1c",
                  "parentUUID": "aa0eaaee-4d78-4d2d-811c-73b846abfcbb",
                  "isHook": false,
                  "skipped": false
                }
              ],
              "suites": [],
              "passes": [
                "f1685328-84c8-41b9-8077-ee70413793fe",
                "5824fac3-429e-476d-bf87-5ed25f2f9e1c"
              ],
              "failures": [],
              "pending": [],
              "skipped": [],
              "duration": 272,
              "root": false,
              "rootEmpty": false,
              "_timeout": 2000
            },
            {
              "uuid": "a49bd071-151d-43dd-907a-19b1686d6629",
              "title": "16 - Crie um campo de entrada do tipo 'checkbox' com o id 'agreement' para validar as informações",
              "fullFile": "",
              "file": "",
              "beforeHooks": [],
              "afterHooks": [],
              "tests": [
                {
                  "title": "Uma label com o id \"label-infos\" deve possuir o texto \"Você concorda com o uso das informações acima?\"",
                  "fullTitle": "Trybewarts 16 - Crie um campo de entrada do tipo 'checkbox' com o id 'agreement' para validar as informações Uma label com o id \"label-infos\" deve possuir o texto \"Você concorda com o uso das informações acima?\"",
                  "timedOut": null,
                  "duration": 138,
                  "state": "passed",
                  "speed": "slow",
                  "pass": true,
                  "fail": false,
                  "pending": false,
                  "context": null,
                  "code": "cy.get(\"label#label-infos\").should('exist').contains('Você concorda com o uso das informações acima?');",
                  "err": {},
                  "uuid": "ea14ae4d-3250-4276-bf19-43a7fce93814",
                  "parentUUID": "a49bd071-151d-43dd-907a-19b1686d6629",
                  "isHook": false,
                  "skipped": false
                },
                {
                  "title": "Um input do tipo checkbox deve existir e deve possuir o id \"agreement\"",
                  "fullTitle": "Trybewarts 16 - Crie um campo de entrada do tipo 'checkbox' com o id 'agreement' para validar as informações Um input do tipo checkbox deve existir e deve possuir o id \"agreement\"",
                  "timedOut": null,
                  "duration": 125,
                  "state": "passed",
                  "speed": "slow",
                  "pass": true,
                  "fail": false,
                  "pending": false,
                  "context": null,
                  "code": "cy.get('input#agreement[type=\"checkbox\"]').should('exist');",
                  "err": {},
                  "uuid": "6cd3c312-4e37-480a-a6ed-b48756b70b61",
                  "parentUUID": "a49bd071-151d-43dd-907a-19b1686d6629",
                  "isHook": false,
                  "skipped": false
                }
              ],
              "suites": [],
              "passes": [
                "ea14ae4d-3250-4276-bf19-43a7fce93814",
                "6cd3c312-4e37-480a-a6ed-b48756b70b61"
              ],
              "failures": [],
              "pending": [],
              "skipped": [],
              "duration": 263,
              "root": false,
              "rootEmpty": false,
              "_timeout": 2000
            },
            {
              "uuid": "48c5f784-5250-4bea-9566-acd82abe2410",
              "title": "17 - Crie um botão de Enviar para submeter o formulário",
              "fullFile": "",
              "file": "",
              "beforeHooks": [],
              "afterHooks": [],
              "tests": [
                {
                  "title": "Deve existir um botão com o id \"submit-btn\" e o texto \"Enviar\"",
                  "fullTitle": "Trybewarts 17 - Crie um botão de Enviar para submeter o formulário Deve existir um botão com o id \"submit-btn\" e o texto \"Enviar\"",
                  "timedOut": null,
                  "duration": 130,
                  "state": "passed",
                  "speed": "slow",
                  "pass": true,
                  "fail": false,
                  "pending": false,
                  "context": null,
                  "code": "cy.get('button#submit-btn[type=\"submit\"]').should('exist').should('have.text', 'Enviar');",
                  "err": {},
                  "uuid": "b4ecb449-89a6-48ad-af22-c07a7bd1aa3a",
                  "parentUUID": "48c5f784-5250-4bea-9566-acd82abe2410",
                  "isHook": false,
                  "skipped": false
                }
              ],
              "suites": [],
              "passes": [
                "b4ecb449-89a6-48ad-af22-c07a7bd1aa3a"
              ],
              "failures": [],
              "pending": [],
              "skipped": [],
              "duration": 130,
              "root": false,
              "rootEmpty": false,
              "_timeout": 2000
            },
            {
              "uuid": "b561a75c-05ab-462a-bf16-4c38ff0b24f4",
              "title": "18 - O botão 'Enviar' deverá ser habilitado somente após a checkbox do requisito 17 ser selecionada",
              "fullFile": "",
              "file": "",
              "beforeHooks": [],
              "afterHooks": [],
              "tests": [
                {
                  "title": "O botão deve inicialmente estar desabilitado",
                  "fullTitle": "Trybewarts 18 - O botão 'Enviar' deverá ser habilitado somente após a checkbox do requisito 17 ser selecionada O botão deve inicialmente estar desabilitado",
                  "timedOut": null,
                  "duration": 132,
                  "state": "passed",
                  "speed": "slow",
                  "pass": true,
                  "fail": false,
                  "pending": false,
                  "context": null,
                  "code": "cy.get('button#submit-btn').should('be.disabled');",
                  "err": {},
                  "uuid": "0d51b22f-4dff-4045-b233-4ccf83f224ab",
                  "parentUUID": "b561a75c-05ab-462a-bf16-4c38ff0b24f4",
                  "isHook": false,
                  "skipped": false
                },
                {
                  "title": "Ao marcar o campo de confirmação, o botão de Enviar deve ser habilitado",
                  "fullTitle": "Trybewarts 18 - O botão 'Enviar' deverá ser habilitado somente após a checkbox do requisito 17 ser selecionada Ao marcar o campo de confirmação, o botão de Enviar deve ser habilitado",
                  "timedOut": null,
                  "duration": 226,
                  "state": "passed",
                  "speed": "slow",
                  "pass": true,
                  "fail": false,
                  "pending": false,
                  "context": null,
                  "code": "cy.get('input#agreement').check();\ncy.get('button#submit-btn').should('not.be.disabled');",
                  "err": {},
                  "uuid": "ca754424-a60f-4153-9a23-84b796cf2d2f",
                  "parentUUID": "b561a75c-05ab-462a-bf16-4c38ff0b24f4",
                  "isHook": false,
                  "skipped": false
                }
              ],
              "suites": [],
              "passes": [
                "0d51b22f-4dff-4045-b233-4ccf83f224ab",
                "ca754424-a60f-4153-9a23-84b796cf2d2f"
              ],
              "failures": [],
              "pending": [],
              "skipped": [],
              "duration": 358,
              "root": false,
              "rootEmpty": false,
              "_timeout": 2000
            },
            {
              "uuid": "99ffff4f-6a52-4b35-a713-715e431ad3ca",
              "title": "19 - Crie um rodapé no final da página",
              "fullFile": "",
              "file": "",
              "beforeHooks": [],
              "afterHooks": [],
              "tests": [
                {
                  "title": "O rodapé deve conter o texto \"Direitos reservados à Trybewarts©\"",
                  "fullTitle": "Trybewarts 19 - Crie um rodapé no final da página O rodapé deve conter o texto \"Direitos reservados à Trybewarts©\"",
                  "timedOut": null,
                  "duration": 133,
                  "state": "passed",
                  "speed": "slow",
                  "pass": true,
                  "fail": false,
                  "pending": false,
                  "context": null,
                  "code": "cy.get('footer').should('exist').contains('Direitos reservados à Trybewarts©');",
                  "err": {},
                  "uuid": "985d090a-e86f-4858-9f93-620346619f01",
                  "parentUUID": "99ffff4f-6a52-4b35-a713-715e431ad3ca",
                  "isHook": false,
                  "skipped": false
                }
              ],
              "suites": [],
              "passes": [
                "985d090a-e86f-4858-9f93-620346619f01"
              ],
              "failures": [],
              "pending": [],
              "skipped": [],
              "duration": 133,
              "root": false,
              "rootEmpty": false,
              "_timeout": 2000
            },
            {
              "uuid": "7ceff99d-97de-4685-91ec-9a3d047186dd",
              "title": "20 - Crie um contador com o ID 'counter' contendo o número de caracteres disponíveis no textarea, variando de 500 até 0, que devera ser atualizado a medida que algo for digitado na textarea",
              "fullFile": "",
              "file": "",
              "beforeHooks": [],
              "afterHooks": [],
              "tests": [
                {
                  "title": "Deve existir um contador com o ID \"counter\"",
                  "fullTitle": "Trybewarts 20 - Crie um contador com o ID 'counter' contendo o número de caracteres disponíveis no textarea, variando de 500 até 0, que devera ser atualizado a medida que algo for digitado na textarea Deve existir um contador com o ID \"counter\"",
                  "timedOut": null,
                  "duration": 137,
                  "state": "passed",
                  "speed": "slow",
                  "pass": true,
                  "fail": false,
                  "pending": false,
                  "context": null,
                  "code": "cy.get('#counter').should('exist');",
                  "err": {},
                  "uuid": "c086c029-1c96-445d-bdbf-bbeca4545259",
                  "parentUUID": "7ceff99d-97de-4685-91ec-9a3d047186dd",
                  "isHook": false,
                  "skipped": false
                },
                {
                  "title": "O contador de caracteres deve ser atualizado conforme o conteúdo do textarea muda.",
                  "fullTitle": "Trybewarts 20 - Crie um contador com o ID 'counter' contendo o número de caracteres disponíveis no textarea, variando de 500 até 0, que devera ser atualizado a medida que algo for digitado na textarea O contador de caracteres deve ser atualizado conforme o conteúdo do textarea muda.",
                  "timedOut": null,
                  "duration": 136,
                  "state": "passed",
                  "speed": "slow",
                  "pass": true,
                  "fail": false,
                  "pending": false,
                  "context": null,
                  "code": "cy.get(\"#counter\").contains('500'); // cy.get(\"#textarea\").type('Salve salve família');\n// cy.get(\"#counter\").contains('481');\n// cy.get('#textarea').clear();\n// cy.get(\"#counter\").should('contain', '500');\n// cy.get('#textarea').type('Salve salve');\n// cy.get(\"#counter\").should('contain', '489');",
                  "err": {},
                  "uuid": "0c1a8f83-78ff-4ae1-bcd9-162148a0a212",
                  "parentUUID": "7ceff99d-97de-4685-91ec-9a3d047186dd",
                  "isHook": false,
                  "skipped": false
                }
              ],
              "suites": [],
              "passes": [
                "c086c029-1c96-445d-bdbf-bbeca4545259",
                "0c1a8f83-78ff-4ae1-bcd9-162148a0a212"
              ],
              "failures": [],
              "pending": [],
              "skipped": [],
              "duration": 273,
              "root": false,
              "rootEmpty": false,
              "_timeout": 2000
            },
            {
              "uuid": "a306ef8b-937f-41e6-8c1e-be1c0ad88ef6",
              "title": "21 - Ao clicar no botão 'Enviar', o conteúdo do formulário deve ser substituído pelas informações preenchidas",
              "fullFile": "",
              "file": "",
              "beforeHooks": [],
              "afterHooks": [],
              "tests": [
                {
                  "title": "Deve haver um texto no modelo \"Nome: John Doe\" (substitua John Doe pelo nome e sobrenome preenchido no formulário)",
                  "fullTitle": "Trybewarts 21 - Ao clicar no botão 'Enviar', o conteúdo do formulário deve ser substituído pelas informações preenchidas Deve haver um texto no modelo \"Nome: John Doe\" (substitua John Doe pelo nome e sobrenome preenchido no formulário)",
                  "timedOut": null,
                  "duration": 11841,
                  "state": "failed",
                  "speed": null,
                  "pass": false,
                  "fail": true,
                  "pending": false,
                  "context": null,
                  "code": "cy.get('#evaluation-form').contains(\"Nome: \".concat(firstName, \" \").concat(lastName));",
                  "err": {
                    "message": "CypressError: Timed out retrying after 10050ms: `cy.click()` failed because this element:\n\n`<button type=\"submit\" id=\"submit-btn\">Enviar</button>`\n\nis being covered by another element:\n\n`<div>...</div>`\n\nFix this problem, or use {force: true} to disable error checking.\n\nhttps://on.cypress.io/element-cannot-be-interacted-with\n\nBecause this error occurred during a `before each` hook we are skipping the remaining tests in the current suite: `21 - Ao clicar no botão 'En...`",
                    "estack": "CypressError: Timed out retrying after 10050ms: `cy.click()` failed because this element:\n\n`<button type=\"submit\" id=\"submit-btn\">Enviar</button>`\n\nis being covered by another element:\n\n`<div>...</div>`\n\nFix this problem, or use {force: true} to disable error checking.\n\nhttps://on.cypress.io/element-cannot-be-interacted-with\n\nBecause this error occurred during a `before each` hook we are skipping the remaining tests in the current suite: `21 - Ao clicar no botão 'En...`\n    at $Cy.ensureDescendents (http://localhost:36655/__cypress/runner/cypress_runner.js:162656:26)\n    at ensureDescendents (http://localhost:36655/__cypress/runner/cypress_runner.js:151114:8)\n    at ensureDescendentsAndScroll (http://localhost:36655/__cypress/runner/cypress_runner.js:151121:14)\n    at ensureElIsNotCovered (http://localhost:36655/__cypress/runner/cypress_runner.js:151255:5)\n    at runAllChecks (http://localhost:36655/__cypress/runner/cypress_runner.js:151404:52)\n    at retryActionability (http://localhost:36655/__cypress/runner/cypress_runner.js:151427:16)\n    at tryCatcher (http://localhost:36655/__cypress/runner/cypress_runner.js:10765:23)\n    at Function.Promise.attempt.Promise.try (http://localhost:36655/__cypress/runner/cypress_runner.js:8039:29)\n    at tryFn (http://localhost:36655/__cypress/runner/cypress_runner.js:167007:21)\n    at whenStable (http://localhost:36655/__cypress/runner/cypress_runner.js:167045:12)\n    at http://localhost:36655/__cypress/runner/cypress_runner.js:166540:16\n    at tryCatcher (http://localhost:36655/__cypress/runner/cypress_runner.js:10765:23)\n    at Promise._settlePromiseFromHandler (http://localhost:36655/__cypress/runner/cypress_runner.js:8700:31)\n    at Promise._settlePromise (http://localhost:36655/__cypress/runner/cypress_runner.js:8757:18)\n    at Promise._settlePromise0 (http://localhost:36655/__cypress/runner/cypress_runner.js:8802:10)\n    at Promise._settlePromises (http://localhost:36655/__cypress/runner/cypress_runner.js:8882:18)\nFrom Your Spec Code:\n    at Context.eval (http://localhost:36655/__cypress/tests?p=cypress/integration/project.spec.js:442:35)",
                    "diff": null
                  },
                  "uuid": "cb8344b8-f0ea-4a7c-8c84-5d1b42114a06",
                  "parentUUID": "a306ef8b-937f-41e6-8c1e-be1c0ad88ef6",
                  "isHook": false,
                  "skipped": false
                },
                {
                  "title": "Deve haver um texto no modelo \"Email: alguem@email.com\"",
                  "fullTitle": "Trybewarts 21 - Ao clicar no botão 'Enviar', o conteúdo do formulário deve ser substituído pelas informações preenchidas Deve haver um texto no modelo \"Email: alguem@email.com\"",
                  "timedOut": null,
                  "duration": 0,
                  "state": "skipped",
                  "speed": null,
                  "pass": false,
                  "fail": false,
                  "pending": false,
                  "context": null,
                  "code": "cy.get('#evaluation-form').contains(\"Email: \".concat(email));",
                  "err": {},
                  "uuid": "99df4bcb-aefe-4d2b-bba6-0188f05f9af4",
                  "parentUUID": "a306ef8b-937f-41e6-8c1e-be1c0ad88ef6",
                  "isHook": false,
                  "skipped": true
                },
                {
                  "title": "Deve haver um texto no modelo \"Casa: -Casa marcada-\"",
                  "fullTitle": "Trybewarts 21 - Ao clicar no botão 'Enviar', o conteúdo do formulário deve ser substituído pelas informações preenchidas Deve haver um texto no modelo \"Casa: -Casa marcada-\"",
                  "timedOut": null,
                  "duration": 0,
                  "state": "skipped",
                  "speed": null,
                  "pass": false,
                  "fail": false,
                  "pending": false,
                  "context": null,
                  "code": "cy.get('#evaluation-form').contains(\"Casa: \".concat(house));",
                  "err": {},
                  "uuid": "7cda6228-c0aa-41db-bbfc-e39c84e44565",
                  "parentUUID": "a306ef8b-937f-41e6-8c1e-be1c0ad88ef6",
                  "isHook": false,
                  "skipped": true
                },
                {
                  "title": "Deve haver um texto no modelo \"Família: -Família marcada-\"",
                  "fullTitle": "Trybewarts 21 - Ao clicar no botão 'Enviar', o conteúdo do formulário deve ser substituído pelas informações preenchidas Deve haver um texto no modelo \"Família: -Família marcada-\"",
                  "timedOut": null,
                  "duration": 0,
                  "state": "skipped",
                  "speed": null,
                  "pass": false,
                  "fail": false,
                  "pending": false,
                  "context": null,
                  "code": "cy.get('#evaluation-form').contains(\"Fam\\xEDlia: \".concat(family));",
                  "err": {},
                  "uuid": "1835af9c-3050-4f7e-b000-86e99c48000d",
                  "parentUUID": "a306ef8b-937f-41e6-8c1e-be1c0ad88ef6",
                  "isHook": false,
                  "skipped": true
                },
                {
                  "title": "Deve haver um texto no modelo \"Matérias: -Matérias marcadas-\"",
                  "fullTitle": "Trybewarts 21 - Ao clicar no botão 'Enviar', o conteúdo do formulário deve ser substituído pelas informações preenchidas Deve haver um texto no modelo \"Matérias: -Matérias marcadas-\"",
                  "timedOut": null,
                  "duration": 0,
                  "state": "skipped",
                  "speed": null,
                  "pass": false,
                  "fail": false,
                  "pending": false,
                  "context": null,
                  "code": "cy.get('#evaluation-form').contains('Matérias: Jest, React, SQL');",
                  "err": {},
                  "uuid": "861094f0-6355-4b78-a44d-041e09ad894d",
                  "parentUUID": "a306ef8b-937f-41e6-8c1e-be1c0ad88ef6",
                  "isHook": false,
                  "skipped": true
                },
                {
                  "title": "Deve haver um texto no modelo \"Avaliação: -Nota marcada-\"",
                  "fullTitle": "Trybewarts 21 - Ao clicar no botão 'Enviar', o conteúdo do formulário deve ser substituído pelas informações preenchidas Deve haver um texto no modelo \"Avaliação: -Nota marcada-\"",
                  "timedOut": null,
                  "duration": 0,
                  "state": "skipped",
                  "speed": null,
                  "pass": false,
                  "fail": false,
                  "pending": false,
                  "context": null,
                  "code": "cy.get('#evaluation-form').contains(\"Avalia\\xE7\\xE3o: \".concat(rate));",
                  "err": {},
                  "uuid": "faa6e1fc-51b3-4f01-8f80-867340672a0f",
                  "parentUUID": "a306ef8b-937f-41e6-8c1e-be1c0ad88ef6",
                  "isHook": false,
                  "skipped": true
                },
                {
                  "title": "Deve haver um texto no modelo \"Observações: -Texto preenchido-\"",
                  "fullTitle": "Trybewarts 21 - Ao clicar no botão 'Enviar', o conteúdo do formulário deve ser substituído pelas informações preenchidas Deve haver um texto no modelo \"Observações: -Texto preenchido-\"",
                  "timedOut": null,
                  "duration": 0,
                  "state": "skipped",
                  "speed": null,
                  "pass": false,
                  "fail": false,
                  "pending": false,
                  "context": null,
                  "code": "cy.get('#evaluation-form').contains(\"Observa\\xE7\\xF5es: \".concat(observation));",
                  "err": {},
                  "uuid": "5d956350-a409-488e-9ede-e783d6d4bda8",
                  "parentUUID": "a306ef8b-937f-41e6-8c1e-be1c0ad88ef6",
                  "isHook": false,
                  "skipped": true
                }
              ],
              "suites": [],
              "passes": [],
              "failures": [
                "cb8344b8-f0ea-4a7c-8c84-5d1b42114a06"
              ],
              "pending": [],
              "skipped": [
                "99df4bcb-aefe-4d2b-bba6-0188f05f9af4",
                "7cda6228-c0aa-41db-bbfc-e39c84e44565",
                "1835af9c-3050-4f7e-b000-86e99c48000d",
                "861094f0-6355-4b78-a44d-041e09ad894d",
                "faa6e1fc-51b3-4f01-8f80-867340672a0f",
                "5d956350-a409-488e-9ede-e783d6d4bda8"
              ],
              "duration": 11841,
              "root": false,
              "rootEmpty": false,
              "_timeout": 2000
            }
          ],
          "passes": [],
          "failures": [],
          "pending": [],
          "skipped": [],
          "duration": 0,
          "root": false,
          "rootEmpty": false,
          "_timeout": 2000
        }
      ],
      "passes": [],
      "failures": [],
      "pending": [],
      "skipped": [],
      "duration": 0,
      "root": true,
      "rootEmpty": true,
      "_timeout": 2000
    }
  ],
  "meta": {
    "mocha": {
      "version": "7.0.1"
    },
    "mochawesome": {
      "options": {
        "quiet": false,
        "reportFilename": "mochawesome",
        "saveHtml": false,
        "saveJson": true,
        "consoleReporter": "spec",
        "useInlineDiffs": false,
        "code": true
      },
      "version": "6.2.2"
    },
    "marge": {
      "options": {
        "id": "default",
        "reportDir": "cypress/reports",
        "overwrite": false,
        "html": false,
        "json": true
      },
      "version": "5.2.0"
    }
  }
}