{
  "stats": {
    "suites": 22,
    "tests": 69,
    "passes": 69,
    "pending": 0,
    "failures": 0,
    "start": "2021-03-09T14:56:43.126Z",
    "end": "2021-03-09T14:57:11.547Z",
    "duration": 28421,
    "testsRegistered": 69,
    "passPercent": 100,
    "pendingPercent": 0,
    "other": 0,
    "hasOther": false,
    "skipped": 0,
    "hasSkipped": false
  },
  "results": [
    {
      "uuid": "a491244b-9ce0-44d3-84d5-e551fad6463b",
      "title": "",
      "fullFile": "cypress/integration/project.spec.js",
      "file": "cypress/integration/project.spec.js",
      "beforeHooks": [],
      "afterHooks": [],
      "tests": [],
      "suites": [
        {
          "uuid": "44b03b6b-3aea-4b46-afff-e5c59f7c0199",
          "title": "Trybewarts",
          "fullFile": "",
          "file": "",
          "beforeHooks": [],
          "afterHooks": [],
          "tests": [],
          "suites": [
            {
              "uuid": "fada6615-b472-4dc1-ba75-f98aa03412f7",
              "title": "1) Crie uma barra verde na parte superior da página",
              "fullFile": "",
              "file": "",
              "beforeHooks": [],
              "afterHooks": [],
              "tests": [
                {
                  "title": "Esta barra deve possuir a classe `header`",
                  "fullTitle": "Trybewarts 1) Crie uma barra verde na parte superior da página Esta barra deve possuir a classe `header`",
                  "timedOut": null,
                  "duration": 588,
                  "state": "passed",
                  "speed": "slow",
                  "pass": true,
                  "fail": false,
                  "pending": false,
                  "context": null,
                  "code": "cy.get(TOP_BAR_SELECTOR).should('exist');",
                  "err": {},
                  "uuid": "c87768d9-379e-412e-a7d8-25dea2ce98ae",
                  "parentUUID": "fada6615-b472-4dc1-ba75-f98aa03412f7",
                  "isHook": false,
                  "skipped": false
                },
                {
                  "title": "A classe `header` deve determinar que o elemento é um flex container",
                  "fullTitle": "Trybewarts 1) Crie uma barra verde na parte superior da página A classe `header` deve determinar que o elemento é um flex container",
                  "timedOut": null,
                  "duration": 189,
                  "state": "passed",
                  "speed": "slow",
                  "pass": true,
                  "fail": false,
                  "pending": false,
                  "context": null,
                  "code": "cy.get(TOP_BAR_SELECTOR).should('have.css', 'display', 'flex');",
                  "err": {},
                  "uuid": "d95b6d7f-9815-4720-8521-8c80278a3bd2",
                  "parentUUID": "fada6615-b472-4dc1-ba75-f98aa03412f7",
                  "isHook": false,
                  "skipped": false
                },
                {
                  "title": "A classe header deve possuir a propriedade `background-color: rgb(50, 167, 145)`",
                  "fullTitle": "Trybewarts 1) Crie uma barra verde na parte superior da página A classe header deve possuir a propriedade `background-color: rgb(50, 167, 145)`",
                  "timedOut": null,
                  "duration": 138,
                  "state": "passed",
                  "speed": "slow",
                  "pass": true,
                  "fail": false,
                  "pending": false,
                  "context": null,
                  "code": "cy.get(TOP_BAR_SELECTOR).should('have.css', 'background-color', 'rgb(50, 167, 145)');",
                  "err": {},
                  "uuid": "e3513ddb-ceb4-4983-b5d0-f6ac41cdee83",
                  "parentUUID": "fada6615-b472-4dc1-ba75-f98aa03412f7",
                  "isHook": false,
                  "skipped": false
                }
              ],
              "suites": [],
              "passes": [
                "c87768d9-379e-412e-a7d8-25dea2ce98ae",
                "d95b6d7f-9815-4720-8521-8c80278a3bd2",
                "e3513ddb-ceb4-4983-b5d0-f6ac41cdee83"
              ],
              "failures": [],
              "pending": [],
              "skipped": [],
              "duration": 915,
              "root": false,
              "rootEmpty": false,
              "_timeout": 2000
            },
            {
              "uuid": "64fdc4dc-bed5-4229-9e32-78ac351301fe",
              "title": "2) A barra superior deve conter o logotipo do Trybewarts no canto esquerdo com a classe trybewarts-header-logo",
              "fullFile": "",
              "file": "",
              "beforeHooks": [],
              "afterHooks": [],
              "tests": [
                {
                  "title": "Deve existir um elemento img com a classe `trybewarts-header-logo`",
                  "fullTitle": "Trybewarts 2) A barra superior deve conter o logotipo do Trybewarts no canto esquerdo com a classe trybewarts-header-logo Deve existir um elemento img com a classe `trybewarts-header-logo`",
                  "timedOut": null,
                  "duration": 281,
                  "state": "passed",
                  "speed": "slow",
                  "pass": true,
                  "fail": false,
                  "pending": false,
                  "context": null,
                  "code": "cy.get(TRYBEWARTS_LOGO_SELECTOR).should('exist');",
                  "err": {},
                  "uuid": "2c075ae4-367c-4bc0-aea7-ce14eb089802",
                  "parentUUID": "64fdc4dc-bed5-4229-9e32-78ac351301fe",
                  "isHook": false,
                  "skipped": false
                },
                {
                  "title": "O logotipo deve estar alinhado à esquerda dentro da barra verde",
                  "fullTitle": "Trybewarts 2) A barra superior deve conter o logotipo do Trybewarts no canto esquerdo com a classe trybewarts-header-logo O logotipo deve estar alinhado à esquerda dentro da barra verde",
                  "timedOut": null,
                  "duration": 231,
                  "state": "passed",
                  "speed": "slow",
                  "pass": true,
                  "fail": false,
                  "pending": false,
                  "context": null,
                  "code": "cy.get(TRYBEWARTS_LOGO_SELECTOR).should('be.leftAligned', TOP_BAR_SELECTOR);",
                  "err": {},
                  "uuid": "2fc9b70a-84fa-416c-947d-d6bceb4299a3",
                  "parentUUID": "64fdc4dc-bed5-4229-9e32-78ac351301fe",
                  "isHook": false,
                  "skipped": false
                },
                {
                  "title": "O atributo src do logotipo deve apontar para images/trybewarts-header-logo.svg",
                  "fullTitle": "Trybewarts 2) A barra superior deve conter o logotipo do Trybewarts no canto esquerdo com a classe trybewarts-header-logo O atributo src do logotipo deve apontar para images/trybewarts-header-logo.svg",
                  "timedOut": null,
                  "duration": 242,
                  "state": "passed",
                  "speed": "slow",
                  "pass": true,
                  "fail": false,
                  "pending": false,
                  "context": null,
                  "code": "cy.get(TRYBEWARTS_LOGO_SELECTOR).should('have.attr', 'src').should('equal', 'images/trybewarts-header-logo.svg');",
                  "err": {},
                  "uuid": "491eaf97-84f2-4c7c-93c6-62bb1fca7e4b",
                  "parentUUID": "64fdc4dc-bed5-4229-9e32-78ac351301fe",
                  "isHook": false,
                  "skipped": false
                }
              ],
              "suites": [],
              "passes": [
                "2c075ae4-367c-4bc0-aea7-ce14eb089802",
                "2fc9b70a-84fa-416c-947d-d6bceb4299a3",
                "491eaf97-84f2-4c7c-93c6-62bb1fca7e4b"
              ],
              "failures": [],
              "pending": [],
              "skipped": [],
              "duration": 754,
              "root": false,
              "rootEmpty": false,
              "_timeout": 2000
            },
            {
              "uuid": "877a292a-2469-40bc-90a1-bf585fc2a807",
              "title": "3) A barra superior deve conter um formulário de autenticação no canto direito com um input de login, um de senha e um botão de entrar",
              "fullFile": "",
              "file": "",
              "beforeHooks": [],
              "afterHooks": [],
              "tests": [
                {
                  "title": "Existe um formulário com a classe trybewarts-login",
                  "fullTitle": "Trybewarts 3) A barra superior deve conter um formulário de autenticação no canto direito com um input de login, um de senha e um botão de entrar Existe um formulário com a classe trybewarts-login",
                  "timedOut": null,
                  "duration": 310,
                  "state": "passed",
                  "speed": "slow",
                  "pass": true,
                  "fail": false,
                  "pending": false,
                  "context": null,
                  "code": "cy.get(TRYBEWARTS_LOGIN_FORM_SELECTOR).should('exist');",
                  "err": {},
                  "uuid": "83848de4-08ea-4bf3-85c6-b7809e0e378f",
                  "parentUUID": "877a292a-2469-40bc-90a1-bf585fc2a807",
                  "isHook": false,
                  "skipped": false
                },
                {
                  "title": "O formulário deve estar alinhado à direita dentro da barra verde",
                  "fullTitle": "Trybewarts 3) A barra superior deve conter um formulário de autenticação no canto direito com um input de login, um de senha e um botão de entrar O formulário deve estar alinhado à direita dentro da barra verde",
                  "timedOut": null,
                  "duration": 246,
                  "state": "passed",
                  "speed": "slow",
                  "pass": true,
                  "fail": false,
                  "pending": false,
                  "context": null,
                  "code": "cy.get(TOP_BAR_SELECTOR).should('have.css', 'justify-content', 'space-between');",
                  "err": {},
                  "uuid": "42eee5fb-35b5-4a3f-bf55-674074ee9161",
                  "parentUUID": "877a292a-2469-40bc-90a1-bf585fc2a807",
                  "isHook": false,
                  "skipped": false
                },
                {
                  "title": "Existem dois inputs e um botão dentro do formulário",
                  "fullTitle": "Trybewarts 3) A barra superior deve conter um formulário de autenticação no canto direito com um input de login, um de senha e um botão de entrar Existem dois inputs e um botão dentro do formulário",
                  "timedOut": null,
                  "duration": 293,
                  "state": "passed",
                  "speed": "slow",
                  "pass": true,
                  "fail": false,
                  "pending": false,
                  "context": null,
                  "code": "cy.get(\"\".concat(TRYBEWARTS_LOGIN_FORM_SELECTOR, \" input\")).should(function ($input) {\n  expect($input).to.have.length(2);\n});\ncy.get(\"\".concat(TRYBEWARTS_LOGIN_FORM_SELECTOR, \" button\")).should('exist');",
                  "err": {},
                  "uuid": "b8012bc7-71e8-420f-a6e9-9805e1d76695",
                  "parentUUID": "877a292a-2469-40bc-90a1-bf585fc2a807",
                  "isHook": false,
                  "skipped": false
                },
                {
                  "title": "Os inputs deverão conter placeholders com as palavras \"Login\" e \"Senha\", respectivamente",
                  "fullTitle": "Trybewarts 3) A barra superior deve conter um formulário de autenticação no canto direito com um input de login, um de senha e um botão de entrar Os inputs deverão conter placeholders com as palavras \"Login\" e \"Senha\", respectivamente",
                  "timedOut": null,
                  "duration": 334,
                  "state": "passed",
                  "speed": "slow",
                  "pass": true,
                  "fail": false,
                  "pending": false,
                  "context": null,
                  "code": "cy.get(\"\".concat(TRYBEWARTS_LOGIN_FORM_SELECTOR, \" input\")).should(function ($input) {\n  expect($input[0].placeholder).to.match(/Login/);\n  expect($input[1].placeholder).to.match(/Senha/);\n});",
                  "err": {},
                  "uuid": "9399a41b-6ea8-4eb9-979c-6902948be006",
                  "parentUUID": "877a292a-2469-40bc-90a1-bf585fc2a807",
                  "isHook": false,
                  "skipped": false
                },
                {
                  "title": "O formulário deve ser um flex container",
                  "fullTitle": "Trybewarts 3) A barra superior deve conter um formulário de autenticação no canto direito com um input de login, um de senha e um botão de entrar O formulário deve ser um flex container",
                  "timedOut": null,
                  "duration": 176,
                  "state": "passed",
                  "speed": "slow",
                  "pass": true,
                  "fail": false,
                  "pending": false,
                  "context": null,
                  "code": "cy.get(TRYBEWARTS_LOGIN_FORM_SELECTOR).should('have.css', 'display', 'flex');",
                  "err": {},
                  "uuid": "736e161a-17b2-4ab4-8b26-a5b3587d65b0",
                  "parentUUID": "877a292a-2469-40bc-90a1-bf585fc2a807",
                  "isHook": false,
                  "skipped": false
                },
                {
                  "title": "Ao clicar no botão com login ou senha inválidos, emite um alerta contendo o texto \"Login ou senha inválidos.\"",
                  "fullTitle": "Trybewarts 3) A barra superior deve conter um formulário de autenticação no canto direito com um input de login, um de senha e um botão de entrar Ao clicar no botão com login ou senha inválidos, emite um alerta contendo o texto \"Login ou senha inválidos.\"",
                  "timedOut": null,
                  "duration": 251,
                  "state": "passed",
                  "speed": "slow",
                  "pass": true,
                  "fail": false,
                  "pending": false,
                  "context": null,
                  "code": "var stub = cy.stub();\ncy.on('window:alert', stub);\ncy.get(\"\".concat(TRYBEWARTS_LOGIN_FORM_SELECTOR, \" button\")).click().then(function () {\n  expect(stub.getCall(0)).to.be.calledWith('Login ou senha inválidos.');\n});",
                  "err": {},
                  "uuid": "42f6f55e-2501-40a4-a923-b08f316522d4",
                  "parentUUID": "877a292a-2469-40bc-90a1-bf585fc2a807",
                  "isHook": false,
                  "skipped": false
                },
                {
                  "title": "Ao clicar no botão com login ou senha válidos, emite um alerta contendo o texto \"Olá, Tryber!\"",
                  "fullTitle": "Trybewarts 3) A barra superior deve conter um formulário de autenticação no canto direito com um input de login, um de senha e um botão de entrar Ao clicar no botão com login ou senha válidos, emite um alerta contendo o texto \"Olá, Tryber!\"",
                  "timedOut": null,
                  "duration": 995,
                  "state": "passed",
                  "speed": "slow",
                  "pass": true,
                  "fail": false,
                  "pending": false,
                  "context": null,
                  "code": "var stub = cy.stub();\ncy.on('window:alert', stub);\ncy.get(\"\".concat(TRYBEWARTS_LOGIN_FORM_SELECTOR, \" input:nth-child(1)\")).type('tryber@betrybe.com');\ncy.get(\"\".concat(TRYBEWARTS_LOGIN_FORM_SELECTOR, \" input:nth-child(2)\")).type('123456');\ncy.get(\"\".concat(TRYBEWARTS_LOGIN_FORM_SELECTOR, \" button\")).click().then(function () {\n  expect(stub.getCall(0)).to.be.calledWith('Olá, Tryber!');\n});",
                  "err": {},
                  "uuid": "76711956-1825-4e0a-b7f4-44ca40c14e65",
                  "parentUUID": "877a292a-2469-40bc-90a1-bf585fc2a807",
                  "isHook": false,
                  "skipped": false
                }
              ],
              "suites": [],
              "passes": [
                "83848de4-08ea-4bf3-85c6-b7809e0e378f",
                "42eee5fb-35b5-4a3f-bf55-674074ee9161",
                "b8012bc7-71e8-420f-a6e9-9805e1d76695",
                "9399a41b-6ea8-4eb9-979c-6902948be006",
                "736e161a-17b2-4ab4-8b26-a5b3587d65b0",
                "42f6f55e-2501-40a4-a923-b08f316522d4",
                "76711956-1825-4e0a-b7f4-44ca40c14e65"
              ],
              "failures": [],
              "pending": [],
              "skipped": [],
              "duration": 2605,
              "root": false,
              "rootEmpty": false,
              "_timeout": 2000
            },
            {
              "uuid": "e61ec862-63f4-48d5-8a84-efb9e084709f",
              "title": "4) Crie um título com o texto 'Trybewarts' centralizado dentro do 'Header'",
              "fullFile": "",
              "file": "",
              "beforeHooks": [],
              "afterHooks": [],
              "tests": [
                {
                  "title": "Deve existir um elemento h1 com o id trybewarts-header-title",
                  "fullTitle": "Trybewarts 4) Crie um título com o texto 'Trybewarts' centralizado dentro do 'Header' Deve existir um elemento h1 com o id trybewarts-header-title",
                  "timedOut": null,
                  "duration": 184,
                  "state": "passed",
                  "speed": "slow",
                  "pass": true,
                  "fail": false,
                  "pending": false,
                  "context": null,
                  "code": "cy.get(TRYBEWARTS_HEADER_TITLE).should('exist');",
                  "err": {},
                  "uuid": "4e5b4da4-a034-4639-b7be-b65d5fb4de3f",
                  "parentUUID": "e61ec862-63f4-48d5-8a84-efb9e084709f",
                  "isHook": false,
                  "skipped": false
                },
                {
                  "title": "O elemento deve possuir o texto \"Trybewarts\"",
                  "fullTitle": "Trybewarts 4) Crie um título com o texto 'Trybewarts' centralizado dentro do 'Header' O elemento deve possuir o texto \"Trybewarts\"",
                  "timedOut": null,
                  "duration": 150,
                  "state": "passed",
                  "speed": "slow",
                  "pass": true,
                  "fail": false,
                  "pending": false,
                  "context": null,
                  "code": "cy.get(TRYBEWARTS_HEADER_TITLE).should('have.text', 'Trybewarts');",
                  "err": {},
                  "uuid": "1e391461-b265-4d96-80bd-b22cef1007d4",
                  "parentUUID": "e61ec862-63f4-48d5-8a84-efb9e084709f",
                  "isHook": false,
                  "skipped": false
                },
                {
                  "title": "O header deve ter exatamente três elementos filhos",
                  "fullTitle": "Trybewarts 4) Crie um título com o texto 'Trybewarts' centralizado dentro do 'Header' O header deve ter exatamente três elementos filhos",
                  "timedOut": null,
                  "duration": 145,
                  "state": "passed",
                  "speed": "slow",
                  "pass": true,
                  "fail": false,
                  "pending": false,
                  "context": null,
                  "code": "cy.get(TOP_BAR_SELECTOR).children().should('have.length', 3);",
                  "err": {},
                  "uuid": "f178dc04-fa0d-4a97-9ba2-9610763eef07",
                  "parentUUID": "e61ec862-63f4-48d5-8a84-efb9e084709f",
                  "isHook": false,
                  "skipped": false
                },
                {
                  "title": "O filho do meio deve ser o título",
                  "fullTitle": "Trybewarts 4) Crie um título com o texto 'Trybewarts' centralizado dentro do 'Header' O filho do meio deve ser o título",
                  "timedOut": null,
                  "duration": 147,
                  "state": "passed",
                  "speed": "slow",
                  "pass": true,
                  "fail": false,
                  "pending": false,
                  "context": null,
                  "code": "cy.get(TOP_BAR_SELECTOR).children().eq(1).should('match', TRYBEWARTS_HEADER_TITLE);",
                  "err": {},
                  "uuid": "6aa7a272-7b0b-4832-9cbc-6e1668ab048b",
                  "parentUUID": "e61ec862-63f4-48d5-8a84-efb9e084709f",
                  "isHook": false,
                  "skipped": false
                }
              ],
              "suites": [],
              "passes": [
                "4e5b4da4-a034-4639-b7be-b65d5fb4de3f",
                "1e391461-b265-4d96-80bd-b22cef1007d4",
                "f178dc04-fa0d-4a97-9ba2-9610763eef07",
                "6aa7a272-7b0b-4832-9cbc-6e1668ab048b"
              ],
              "failures": [],
              "pending": [],
              "skipped": [],
              "duration": 626,
              "root": false,
              "rootEmpty": false,
              "_timeout": 2000
            },
            {
              "uuid": "1a892cba-4284-4caa-9c9c-222773d648ff",
              "title": "5) Adicione um formulário no corpo da página, posicionado ao lado esquerdo",
              "fullFile": "",
              "file": "",
              "beforeHooks": [],
              "afterHooks": [],
              "tests": [
                {
                  "title": "Deve existir um formulário com o id `evaluation-form`",
                  "fullTitle": "Trybewarts 5) Adicione um formulário no corpo da página, posicionado ao lado esquerdo Deve existir um formulário com o id `evaluation-form`",
                  "timedOut": null,
                  "duration": 201,
                  "state": "passed",
                  "speed": "slow",
                  "pass": true,
                  "fail": false,
                  "pending": false,
                  "context": null,
                  "code": "cy.get(EVALUATION_FORM).should('exist');",
                  "err": {},
                  "uuid": "b6ce9f84-346a-4579-af21-175bb6871de3",
                  "parentUUID": "1a892cba-4284-4caa-9c9c-222773d648ff",
                  "isHook": false,
                  "skipped": false
                },
                {
                  "title": "O formulário deve estar inserido na tag `main` do HTML",
                  "fullTitle": "Trybewarts 5) Adicione um formulário no corpo da página, posicionado ao lado esquerdo O formulário deve estar inserido na tag `main` do HTML",
                  "timedOut": null,
                  "duration": 182,
                  "state": "passed",
                  "speed": "slow",
                  "pass": true,
                  "fail": false,
                  "pending": false,
                  "context": null,
                  "code": "cy.get('main').children().eq(0).should('match', EVALUATION_FORM);",
                  "err": {},
                  "uuid": "6347074e-4221-406a-b268-e7dbafa41dff",
                  "parentUUID": "1a892cba-4284-4caa-9c9c-222773d648ff",
                  "isHook": false,
                  "skipped": false
                },
                {
                  "title": "Tanto o formulário quanto o `main` devem ser flex containers",
                  "fullTitle": "Trybewarts 5) Adicione um formulário no corpo da página, posicionado ao lado esquerdo Tanto o formulário quanto o `main` devem ser flex containers",
                  "timedOut": null,
                  "duration": 198,
                  "state": "passed",
                  "speed": "slow",
                  "pass": true,
                  "fail": false,
                  "pending": false,
                  "context": null,
                  "code": "cy.get('main').should('have.css', 'display', 'flex');\ncy.get(EVALUATION_FORM).should('have.css', 'display', 'flex');",
                  "err": {},
                  "uuid": "e346cfa7-e98d-4126-a23c-10e92df8518d",
                  "parentUUID": "1a892cba-4284-4caa-9c9c-222773d648ff",
                  "isHook": false,
                  "skipped": false
                },
                {
                  "title": "O formulário deve ter uma largura de 675px",
                  "fullTitle": "Trybewarts 5) Adicione um formulário no corpo da página, posicionado ao lado esquerdo O formulário deve ter uma largura de 675px",
                  "timedOut": null,
                  "duration": 197,
                  "state": "passed",
                  "speed": "slow",
                  "pass": true,
                  "fail": false,
                  "pending": false,
                  "context": null,
                  "code": "cy.get(EVALUATION_FORM).should('have.css', 'width', '675px');",
                  "err": {},
                  "uuid": "3d8b158a-78b1-4aef-8438-0f160ac41673",
                  "parentUUID": "1a892cba-4284-4caa-9c9c-222773d648ff",
                  "isHook": false,
                  "skipped": false
                }
              ],
              "suites": [],
              "passes": [
                "b6ce9f84-346a-4579-af21-175bb6871de3",
                "6347074e-4221-406a-b268-e7dbafa41dff",
                "e346cfa7-e98d-4126-a23c-10e92df8518d",
                "3d8b158a-78b1-4aef-8438-0f160ac41673"
              ],
              "failures": [],
              "pending": [],
              "skipped": [],
              "duration": 778,
              "root": false,
              "rootEmpty": false,
              "_timeout": 2000
            },
            {
              "uuid": "19d42e96-27c0-458c-bc60-71a73b20cebe",
              "title": "6) Crie um id para o formulário do requisito 5",
              "fullFile": "",
              "file": "",
              "beforeHooks": [],
              "afterHooks": [],
              "tests": [
                {
                  "title": "Esse id deverá se chamar `evaluation-form`",
                  "fullTitle": "Trybewarts 6) Crie um id para o formulário do requisito 5 Esse id deverá se chamar `evaluation-form`",
                  "timedOut": null,
                  "duration": 211,
                  "state": "passed",
                  "speed": "slow",
                  "pass": true,
                  "fail": false,
                  "pending": false,
                  "context": null,
                  "code": "cy.get('#evaluation-form').should('exist');",
                  "err": {},
                  "uuid": "da728c3f-ceac-401d-84d4-58fa36887958",
                  "parentUUID": "19d42e96-27c0-458c-bc60-71a73b20cebe",
                  "isHook": false,
                  "skipped": false
                },
                {
                  "title": "Esse id deverá possuir a propriedade `display: flex`",
                  "fullTitle": "Trybewarts 6) Crie um id para o formulário do requisito 5 Esse id deverá possuir a propriedade `display: flex`",
                  "timedOut": null,
                  "duration": 200,
                  "state": "passed",
                  "speed": "slow",
                  "pass": true,
                  "fail": false,
                  "pending": false,
                  "context": null,
                  "code": "cy.get('#evaluation-form').should('have.css', 'display', 'flex');",
                  "err": {},
                  "uuid": "6001fd23-1664-493c-9e61-315de5e39055",
                  "parentUUID": "19d42e96-27c0-458c-bc60-71a73b20cebe",
                  "isHook": false,
                  "skipped": false
                },
                {
                  "title": "Alinhe o eixo principal dessa classe para ser o eixo vertical",
                  "fullTitle": "Trybewarts 6) Crie um id para o formulário do requisito 5 Alinhe o eixo principal dessa classe para ser o eixo vertical",
                  "timedOut": null,
                  "duration": 192,
                  "state": "passed",
                  "speed": "slow",
                  "pass": true,
                  "fail": false,
                  "pending": false,
                  "context": null,
                  "code": "cy.get('#evaluation-form').should('have.css', 'flex-direction', 'column');",
                  "err": {},
                  "uuid": "527b9105-7bf8-45ef-8870-062b45a06b95",
                  "parentUUID": "19d42e96-27c0-458c-bc60-71a73b20cebe",
                  "isHook": false,
                  "skipped": false
                }
              ],
              "suites": [],
              "passes": [
                "da728c3f-ceac-401d-84d4-58fa36887958",
                "6001fd23-1664-493c-9e61-315de5e39055",
                "527b9105-7bf8-45ef-8870-062b45a06b95"
              ],
              "failures": [],
              "pending": [],
              "skipped": [],
              "duration": 603,
              "root": false,
              "rootEmpty": false,
              "_timeout": 2000
            },
            {
              "uuid": "2da90175-38d4-4d62-9b91-bb11eb98db10",
              "title": "7) Adicione a logo da Trybewarts no lado direito da página",
              "fullFile": "",
              "file": "",
              "beforeHooks": [],
              "afterHooks": [],
              "tests": [
                {
                  "title": "Deve possuir o id trybewarts-forms-logo",
                  "fullTitle": "Trybewarts 7) Adicione a logo da Trybewarts no lado direito da página Deve possuir o id trybewarts-forms-logo",
                  "timedOut": null,
                  "duration": 173,
                  "state": "passed",
                  "speed": "slow",
                  "pass": true,
                  "fail": false,
                  "pending": false,
                  "context": null,
                  "code": "cy.get(TRYBEWARTS_LOGO_FORMS_SELECTOR).should('exist');",
                  "err": {},
                  "uuid": "2df969ff-6159-440c-bde6-d7d55185056b",
                  "parentUUID": "2da90175-38d4-4d62-9b91-bb11eb98db10",
                  "isHook": false,
                  "skipped": false
                },
                {
                  "title": "O atributo `src` do logotipo deve apontar para `images/trybewarts-logo.png`",
                  "fullTitle": "Trybewarts 7) Adicione a logo da Trybewarts no lado direito da página O atributo `src` do logotipo deve apontar para `images/trybewarts-logo.png`",
                  "timedOut": null,
                  "duration": 169,
                  "state": "passed",
                  "speed": "slow",
                  "pass": true,
                  "fail": false,
                  "pending": false,
                  "context": null,
                  "code": "cy.get(TRYBEWARTS_LOGO_FORMS_SELECTOR).should('have.attr', 'src').should('equal', './images/Trybewarts-colored.svg');",
                  "err": {},
                  "uuid": "4acb1e3d-ea49-4668-824c-aaddc36706b6",
                  "parentUUID": "2da90175-38d4-4d62-9b91-bb11eb98db10",
                  "isHook": false,
                  "skipped": false
                }
              ],
              "suites": [],
              "passes": [
                "2df969ff-6159-440c-bde6-d7d55185056b",
                "4acb1e3d-ea49-4668-824c-aaddc36706b6"
              ],
              "failures": [],
              "pending": [],
              "skipped": [],
              "duration": 342,
              "root": false,
              "rootEmpty": false,
              "_timeout": 2000
            },
            {
              "uuid": "684b3dc7-e766-47e4-9958-5e1b3435b9cc",
              "title": "8) No formulário, crie inputs de 'Nome:', 'Sobrenome:' e 'Email'",
              "fullFile": "",
              "file": "",
              "beforeHooks": [],
              "afterHooks": [],
              "tests": [
                {
                  "title": "Inputs de Nome, Sobrenome e Email deverão ser criados",
                  "fullTitle": "Trybewarts 8) No formulário, crie inputs de 'Nome:', 'Sobrenome:' e 'Email' Inputs de Nome, Sobrenome e Email deverão ser criados",
                  "timedOut": null,
                  "duration": 194,
                  "state": "passed",
                  "speed": "slow",
                  "pass": true,
                  "fail": false,
                  "pending": false,
                  "context": null,
                  "code": "cy.get(USER_NAME_INPUT_SELECTOR).should('exist');\ncy.get(USER_LASTNAME_INPUT_SELECTOR).should('exist');\ncy.get(USER_EMAIL_INPUT_SELECTOR).should('exist');",
                  "err": {},
                  "uuid": "c257746e-9857-4f31-83ec-cf80df01f3f4",
                  "parentUUID": "684b3dc7-e766-47e4-9958-5e1b3435b9cc",
                  "isHook": false,
                  "skipped": false
                },
                {
                  "title": "Os inputs deverão conter um placeholder com Nome, Sobrenome e Email em seus respectivos campos",
                  "fullTitle": "Trybewarts 8) No formulário, crie inputs de 'Nome:', 'Sobrenome:' e 'Email' Os inputs deverão conter um placeholder com Nome, Sobrenome e Email em seus respectivos campos",
                  "timedOut": null,
                  "duration": 205,
                  "state": "passed",
                  "speed": "slow",
                  "pass": true,
                  "fail": false,
                  "pending": false,
                  "context": null,
                  "code": "cy.get(USER_NAME_INPUT_SELECTOR).should('have.attr', 'placeholder', 'Nome');\ncy.get(USER_LASTNAME_INPUT_SELECTOR).should('have.attr', 'placeholder', 'Sobrenome');\ncy.get(USER_EMAIL_INPUT_SELECTOR).should('have.attr', 'placeholder', 'Email');",
                  "err": {},
                  "uuid": "81b68eae-7404-4bc1-992d-f337a472449a",
                  "parentUUID": "684b3dc7-e766-47e4-9958-5e1b3435b9cc",
                  "isHook": false,
                  "skipped": false
                }
              ],
              "suites": [],
              "passes": [
                "c257746e-9857-4f31-83ec-cf80df01f3f4",
                "81b68eae-7404-4bc1-992d-f337a472449a"
              ],
              "failures": [],
              "pending": [],
              "skipped": [],
              "duration": 399,
              "root": false,
              "rootEmpty": false,
              "_timeout": 2000
            },
            {
              "uuid": "e01b2894-f04a-44f2-b231-fcc5df74291f",
              "title": "9) Crie um select 'Casa' contendo quatro options",
              "fullFile": "",
              "file": "",
              "beforeHooks": [],
              "afterHooks": [],
              "tests": [
                {
                  "title": "Deverá conter a opção `Gitnória`",
                  "fullTitle": "Trybewarts 9) Crie um select 'Casa' contendo quatro options Deverá conter a opção `Gitnória`",
                  "timedOut": null,
                  "duration": 195,
                  "state": "passed",
                  "speed": "slow",
                  "pass": true,
                  "fail": false,
                  "pending": false,
                  "context": null,
                  "code": "cy.get(\"#gitnoria-house\").should('exist');",
                  "err": {},
                  "uuid": "1ede52de-d3be-458f-8f23-1099d798eb62",
                  "parentUUID": "e01b2894-f04a-44f2-b231-fcc5df74291f",
                  "isHook": false,
                  "skipped": false
                },
                {
                  "title": "Deverá conter a opção `Reactpuff`",
                  "fullTitle": "Trybewarts 9) Crie um select 'Casa' contendo quatro options Deverá conter a opção `Reactpuff`",
                  "timedOut": null,
                  "duration": 187,
                  "state": "passed",
                  "speed": "slow",
                  "pass": true,
                  "fail": false,
                  "pending": false,
                  "context": null,
                  "code": "cy.get(\"#reactpuff-house\").should('exist');",
                  "err": {},
                  "uuid": "c6da0e2c-e514-4d53-8515-53a5ee80280d",
                  "parentUUID": "e01b2894-f04a-44f2-b231-fcc5df74291f",
                  "isHook": false,
                  "skipped": false
                },
                {
                  "title": "Deverá conter a opção ``Corvinode``",
                  "fullTitle": "Trybewarts 9) Crie um select 'Casa' contendo quatro options Deverá conter a opção ``Corvinode``",
                  "timedOut": null,
                  "duration": 221,
                  "state": "passed",
                  "speed": "slow",
                  "pass": true,
                  "fail": false,
                  "pending": false,
                  "context": null,
                  "code": "cy.get(\"#corvinode-house\").should('exist');",
                  "err": {},
                  "uuid": "7ae4ba25-38d5-44b1-9bf8-484816fb4a82",
                  "parentUUID": "e01b2894-f04a-44f2-b231-fcc5df74291f",
                  "isHook": false,
                  "skipped": false
                },
                {
                  "title": "Deverá conter a opção ``Pytherina``",
                  "fullTitle": "Trybewarts 9) Crie um select 'Casa' contendo quatro options Deverá conter a opção ``Pytherina``",
                  "timedOut": null,
                  "duration": 161,
                  "state": "passed",
                  "speed": "slow",
                  "pass": true,
                  "fail": false,
                  "pending": false,
                  "context": null,
                  "code": "cy.get(\"#pytherina-house\").should('exist');",
                  "err": {},
                  "uuid": "21af3085-b0a0-49f7-b29a-3dfa0e016ca0",
                  "parentUUID": "e01b2894-f04a-44f2-b231-fcc5df74291f",
                  "isHook": false,
                  "skipped": false
                }
              ],
              "suites": [],
              "passes": [
                "1ede52de-d3be-458f-8f23-1099d798eb62",
                "c6da0e2c-e514-4d53-8515-53a5ee80280d",
                "7ae4ba25-38d5-44b1-9bf8-484816fb4a82",
                "21af3085-b0a0-49f7-b29a-3dfa0e016ca0"
              ],
              "failures": [],
              "pending": [],
              "skipped": [],
              "duration": 764,
              "root": false,
              "rootEmpty": false,
              "_timeout": 2000
            },
            {
              "uuid": "47d0b896-6733-4c97-b8f9-a4eabd166f5b",
              "title": "10) Alinhe os campos de 'Nome' e 'Sobrenome' para que fiquem em linha",
              "fullFile": "",
              "file": "",
              "beforeHooks": [],
              "afterHooks": [],
              "tests": [
                {
                  "title": "Os campos de Nome e Sobrenome devem estar lado a lado",
                  "fullTitle": "Trybewarts 10) Alinhe os campos de 'Nome' e 'Sobrenome' para que fiquem em linha Os campos de Nome e Sobrenome devem estar lado a lado",
                  "timedOut": null,
                  "duration": 197,
                  "state": "passed",
                  "speed": "slow",
                  "pass": true,
                  "fail": false,
                  "pending": false,
                  "context": null,
                  "code": "cy.get(USER_LASTNAME_INPUT_SELECTOR).should('have.css', 'flex-direction', 'row');\ncy.get(USER_LASTNAME_INPUT_SELECTOR).should('have.css', 'flex-direction', 'row');",
                  "err": {},
                  "uuid": "476a898c-4eca-475e-a132-9d05c8e49dd2",
                  "parentUUID": "47d0b896-6733-4c97-b8f9-a4eabd166f5b",
                  "isHook": false,
                  "skipped": false
                }
              ],
              "suites": [],
              "passes": [
                "476a898c-4eca-475e-a132-9d05c8e49dd2"
              ],
              "failures": [],
              "pending": [],
              "skipped": [],
              "duration": 197,
              "root": false,
              "rootEmpty": false,
              "_timeout": 2000
            },
            {
              "uuid": "86783119-4a94-4d20-80dc-4ed2301f57c4",
              "title": "11) Alinhe os campos de 'Email' e 'Casa' para fiquem em linha",
              "fullFile": "",
              "file": "",
              "beforeHooks": [],
              "afterHooks": [],
              "tests": [
                {
                  "title": "Os campos de Email e Casa devem estar lado a lado",
                  "fullTitle": "Trybewarts 11) Alinhe os campos de 'Email' e 'Casa' para fiquem em linha Os campos de Email e Casa devem estar lado a lado",
                  "timedOut": null,
                  "duration": 159,
                  "state": "passed",
                  "speed": "slow",
                  "pass": true,
                  "fail": false,
                  "pending": false,
                  "context": null,
                  "code": "checkIsRightOf('#input-email', '#house');",
                  "err": {},
                  "uuid": "a288f690-8c81-482c-aa8d-00091c349cbd",
                  "parentUUID": "86783119-4a94-4d20-80dc-4ed2301f57c4",
                  "isHook": false,
                  "skipped": false
                }
              ],
              "suites": [],
              "passes": [
                "a288f690-8c81-482c-aa8d-00091c349cbd"
              ],
              "failures": [],
              "pending": [],
              "skipped": [],
              "duration": 159,
              "root": false,
              "rootEmpty": false,
              "_timeout": 2000
            },
            {
              "uuid": "5aedb281-d746-443e-be9a-3eaa9fbfa741",
              "title": "12) Crie um campo de entrada para qual família a pessoa estudante se identifica",
              "fullFile": "",
              "file": "",
              "beforeHooks": [],
              "afterHooks": [],
              "tests": [
                {
                  "title": "Um elemento com o id \"label-family\" e o texto \"Qual sua família?\" deverá ser criado",
                  "fullTitle": "Trybewarts 12) Crie um campo de entrada para qual família a pessoa estudante se identifica Um elemento com o id \"label-family\" e o texto \"Qual sua família?\" deverá ser criado",
                  "timedOut": null,
                  "duration": 194,
                  "state": "passed",
                  "speed": "slow",
                  "pass": true,
                  "fail": false,
                  "pending": false,
                  "context": null,
                  "code": "cy.get('#label-family').contains(LABEL_FAMILY_TEXT);",
                  "err": {},
                  "uuid": "0fbda892-a4af-4952-ab13-d3144fe65ce2",
                  "parentUUID": "5aedb281-d746-443e-be9a-3eaa9fbfa741",
                  "isHook": false,
                  "skipped": false
                },
                {
                  "title": "O campo deve ser formado por três radio buttons com os valores \"Frontend\", \"Backend\" e \"FullStack\" - Frontend",
                  "fullTitle": "Trybewarts 12) Crie um campo de entrada para qual família a pessoa estudante se identifica O campo deve ser formado por três radio buttons com os valores \"Frontend\", \"Backend\" e \"FullStack\" - Frontend",
                  "timedOut": null,
                  "duration": 204,
                  "state": "passed",
                  "speed": "slow",
                  "pass": true,
                  "fail": false,
                  "pending": false,
                  "context": null,
                  "code": "cy.get('input[value=\"Frontend\"]').should('exist');",
                  "err": {},
                  "uuid": "76225404-2c4f-4fce-b628-e5037940315e",
                  "parentUUID": "5aedb281-d746-443e-be9a-3eaa9fbfa741",
                  "isHook": false,
                  "skipped": false
                },
                {
                  "title": "O campo deve ser formado por três radio buttons com os valores \"Frontend\", \"Backend\" e \"FullStack\" - Backend",
                  "fullTitle": "Trybewarts 12) Crie um campo de entrada para qual família a pessoa estudante se identifica O campo deve ser formado por três radio buttons com os valores \"Frontend\", \"Backend\" e \"FullStack\" - Backend",
                  "timedOut": null,
                  "duration": 179,
                  "state": "passed",
                  "speed": "slow",
                  "pass": true,
                  "fail": false,
                  "pending": false,
                  "context": null,
                  "code": "cy.get('input[value=\"Backend\"]').should('exist');",
                  "err": {},
                  "uuid": "2dd7df26-1235-4867-bd6d-90340f50fa5a",
                  "parentUUID": "5aedb281-d746-443e-be9a-3eaa9fbfa741",
                  "isHook": false,
                  "skipped": false
                },
                {
                  "title": "O campo deve ser formado por três radio buttons com os valores \"Frontend\", \"Backend\" e \"FullStack\" - FullStack",
                  "fullTitle": "Trybewarts 12) Crie um campo de entrada para qual família a pessoa estudante se identifica O campo deve ser formado por três radio buttons com os valores \"Frontend\", \"Backend\" e \"FullStack\" - FullStack",
                  "timedOut": null,
                  "duration": 180,
                  "state": "passed",
                  "speed": "slow",
                  "pass": true,
                  "fail": false,
                  "pending": false,
                  "context": null,
                  "code": "cy.get('input[value=\"FullStack\"]').should('exist');",
                  "err": {},
                  "uuid": "c8b3a46b-e277-4eee-a716-899597571d20",
                  "parentUUID": "5aedb281-d746-443e-be9a-3eaa9fbfa741",
                  "isHook": false,
                  "skipped": false
                },
                {
                  "title": "Os radio buttons devem ter o atributo name com o valor \"family\"",
                  "fullTitle": "Trybewarts 12) Crie um campo de entrada para qual família a pessoa estudante se identifica Os radio buttons devem ter o atributo name com o valor \"family\"",
                  "timedOut": null,
                  "duration": 209,
                  "state": "passed",
                  "speed": "slow",
                  "pass": true,
                  "fail": false,
                  "pending": false,
                  "context": null,
                  "code": "cy.get('input[name=\"family\"]').then(function (arr) {\n  return expect(arr.length).to.equal(3);\n});",
                  "err": {},
                  "uuid": "3ebeede6-56e2-4e14-bd2f-e562a45a32e5",
                  "parentUUID": "5aedb281-d746-443e-be9a-3eaa9fbfa741",
                  "isHook": false,
                  "skipped": false
                },
                {
                  "title": "Posicione os radio buttons para ficar abaixo um do outro",
                  "fullTitle": "Trybewarts 12) Crie um campo de entrada para qual família a pessoa estudante se identifica Posicione os radio buttons para ficar abaixo um do outro",
                  "timedOut": null,
                  "duration": 142,
                  "state": "passed",
                  "speed": "slow",
                  "pass": true,
                  "fail": false,
                  "pending": false,
                  "context": null,
                  "code": "checkIsBelowOf('input[value=\"Frontend\"]', 'input[value=\"Backend\"]');\ncheckIsBelowOf('input[value=\"Backend\"]', 'input[value=\"FullStack\"]');",
                  "err": {},
                  "uuid": "95ed8817-ff15-4d51-947f-381cd3bd1e54",
                  "parentUUID": "5aedb281-d746-443e-be9a-3eaa9fbfa741",
                  "isHook": false,
                  "skipped": false
                },
                {
                  "title": "Posicione os radio buttons abaixo do label",
                  "fullTitle": "Trybewarts 12) Crie um campo de entrada para qual família a pessoa estudante se identifica Posicione os radio buttons abaixo do label",
                  "timedOut": null,
                  "duration": 151,
                  "state": "passed",
                  "speed": "slow",
                  "pass": true,
                  "fail": false,
                  "pending": false,
                  "context": null,
                  "code": "checkIsBelowOf('#label-family', 'input[value=\"Frontend\"]');",
                  "err": {},
                  "uuid": "c247cfa8-5afb-44ed-8f9b-2c09d60bd70e",
                  "parentUUID": "5aedb281-d746-443e-be9a-3eaa9fbfa741",
                  "isHook": false,
                  "skipped": false
                }
              ],
              "suites": [],
              "passes": [
                "0fbda892-a4af-4952-ab13-d3144fe65ce2",
                "76225404-2c4f-4fce-b628-e5037940315e",
                "2dd7df26-1235-4867-bd6d-90340f50fa5a",
                "c8b3a46b-e277-4eee-a716-899597571d20",
                "3ebeede6-56e2-4e14-bd2f-e562a45a32e5",
                "95ed8817-ff15-4d51-947f-381cd3bd1e54",
                "c247cfa8-5afb-44ed-8f9b-2c09d60bd70e"
              ],
              "failures": [],
              "pending": [],
              "skipped": [],
              "duration": 1259,
              "root": false,
              "rootEmpty": false,
              "_timeout": 2000
            },
            {
              "uuid": "18b7c717-f11c-40ba-a772-caaf78718b18",
              "title": "13) Crie campos de entrada do tipo 'checkbox' contendo seis opções",
              "fullFile": "",
              "file": "",
              "beforeHooks": [],
              "afterHooks": [],
              "tests": [
                {
                  "title": "Um elemento com o id \"label-content\" e o texto \"Qual conteúdo você está com mais vontade de aprender?\" deverá ser criado",
                  "fullTitle": "Trybewarts 13) Crie campos de entrada do tipo 'checkbox' contendo seis opções Um elemento com o id \"label-content\" e o texto \"Qual conteúdo você está com mais vontade de aprender?\" deverá ser criado",
                  "timedOut": null,
                  "duration": 177,
                  "state": "passed",
                  "speed": "slow",
                  "pass": true,
                  "fail": false,
                  "pending": false,
                  "context": null,
                  "code": "cy.get('#label-content').contains(LABEL_CONTENT_TEXT);",
                  "err": {},
                  "uuid": "b021c690-07b5-42bf-a45b-9ae47b2bb093",
                  "parentUUID": "18b7c717-f11c-40ba-a772-caaf78718b18",
                  "isHook": false,
                  "skipped": false
                },
                {
                  "title": "Campo HoFs",
                  "fullTitle": "Trybewarts 13) Crie campos de entrada do tipo 'checkbox' contendo seis opções Campo HoFs",
                  "timedOut": null,
                  "duration": 163,
                  "state": "passed",
                  "speed": "slow",
                  "pass": true,
                  "fail": false,
                  "pending": false,
                  "context": null,
                  "code": "cy.get('input[value=\"HoFs\"]').should('exist');",
                  "err": {},
                  "uuid": "d5e6664e-dbfc-4e51-82f0-2099bd5fe7ca",
                  "parentUUID": "18b7c717-f11c-40ba-a772-caaf78718b18",
                  "isHook": false,
                  "skipped": false
                },
                {
                  "title": "Campo Jest",
                  "fullTitle": "Trybewarts 13) Crie campos de entrada do tipo 'checkbox' contendo seis opções Campo Jest",
                  "timedOut": null,
                  "duration": 182,
                  "state": "passed",
                  "speed": "slow",
                  "pass": true,
                  "fail": false,
                  "pending": false,
                  "context": null,
                  "code": "cy.get('input[value=\"Jest\"]').should('exist');",
                  "err": {},
                  "uuid": "495d65f6-a987-4a97-a6e1-37cf154e469a",
                  "parentUUID": "18b7c717-f11c-40ba-a772-caaf78718b18",
                  "isHook": false,
                  "skipped": false
                },
                {
                  "title": "Campo Promises",
                  "fullTitle": "Trybewarts 13) Crie campos de entrada do tipo 'checkbox' contendo seis opções Campo Promises",
                  "timedOut": null,
                  "duration": 160,
                  "state": "passed",
                  "speed": "slow",
                  "pass": true,
                  "fail": false,
                  "pending": false,
                  "context": null,
                  "code": "cy.get('input[value=\"Promises\"]').should('exist');",
                  "err": {},
                  "uuid": "8ab834b8-42bb-4d0e-844c-84af6d700249",
                  "parentUUID": "18b7c717-f11c-40ba-a772-caaf78718b18",
                  "isHook": false,
                  "skipped": false
                },
                {
                  "title": "Campo React",
                  "fullTitle": "Trybewarts 13) Crie campos de entrada do tipo 'checkbox' contendo seis opções Campo React",
                  "timedOut": null,
                  "duration": 183,
                  "state": "passed",
                  "speed": "slow",
                  "pass": true,
                  "fail": false,
                  "pending": false,
                  "context": null,
                  "code": "cy.get('input[value=\"React\"]').should('exist');",
                  "err": {},
                  "uuid": "9c001ca3-0a84-4029-8e79-329d0d7dd4d9",
                  "parentUUID": "18b7c717-f11c-40ba-a772-caaf78718b18",
                  "isHook": false,
                  "skipped": false
                },
                {
                  "title": "Campo SQL",
                  "fullTitle": "Trybewarts 13) Crie campos de entrada do tipo 'checkbox' contendo seis opções Campo SQL",
                  "timedOut": null,
                  "duration": 172,
                  "state": "passed",
                  "speed": "slow",
                  "pass": true,
                  "fail": false,
                  "pending": false,
                  "context": null,
                  "code": "cy.get('input[value=\"SQL\"]').should('exist');",
                  "err": {},
                  "uuid": "94aee3a3-4ece-4340-982a-bb91a0c3a2e1",
                  "parentUUID": "18b7c717-f11c-40ba-a772-caaf78718b18",
                  "isHook": false,
                  "skipped": false
                },
                {
                  "title": "Campo Python",
                  "fullTitle": "Trybewarts 13) Crie campos de entrada do tipo 'checkbox' contendo seis opções Campo Python",
                  "timedOut": null,
                  "duration": 165,
                  "state": "passed",
                  "speed": "slow",
                  "pass": true,
                  "fail": false,
                  "pending": false,
                  "context": null,
                  "code": "cy.get('input[value=\"Python\"]').should('exist');",
                  "err": {},
                  "uuid": "ac1b94ab-7369-4291-b33f-944e69ff84b9",
                  "parentUUID": "18b7c717-f11c-40ba-a772-caaf78718b18",
                  "isHook": false,
                  "skipped": false
                },
                {
                  "title": "Posicione os checkbox abaixo do label",
                  "fullTitle": "Trybewarts 13) Crie campos de entrada do tipo 'checkbox' contendo seis opções Posicione os checkbox abaixo do label",
                  "timedOut": null,
                  "duration": 163,
                  "state": "passed",
                  "speed": "slow",
                  "pass": true,
                  "fail": false,
                  "pending": false,
                  "context": null,
                  "code": "checkIsBelowOf('#label-content', 'input[value=\"HoFs\"]');",
                  "err": {},
                  "uuid": "f9dc1d5a-b005-4e02-9d1e-aa3aa3e3eccd",
                  "parentUUID": "18b7c717-f11c-40ba-a772-caaf78718b18",
                  "isHook": false,
                  "skipped": false
                }
              ],
              "suites": [],
              "passes": [
                "b021c690-07b5-42bf-a45b-9ae47b2bb093",
                "d5e6664e-dbfc-4e51-82f0-2099bd5fe7ca",
                "495d65f6-a987-4a97-a6e1-37cf154e469a",
                "8ab834b8-42bb-4d0e-844c-84af6d700249",
                "9c001ca3-0a84-4029-8e79-329d0d7dd4d9",
                "94aee3a3-4ece-4340-982a-bb91a0c3a2e1",
                "ac1b94ab-7369-4291-b33f-944e69ff84b9",
                "f9dc1d5a-b005-4e02-9d1e-aa3aa3e3eccd"
              ],
              "failures": [],
              "pending": [],
              "skipped": [],
              "duration": 1365,
              "root": false,
              "rootEmpty": false,
              "_timeout": 2000
            },
            {
              "uuid": "e6bb2271-978f-4185-9667-41bf543aa55d",
              "title": "14) Crie campo de entrada para avaliar de 1 a 10 o nível de satisfação com a Trybewarts",
              "fullFile": "",
              "file": "",
              "beforeHooks": [],
              "afterHooks": [],
              "tests": [
                {
                  "title": "Um elemento com o id label-rate e o texto \"Como você avalia a Trybewarts?\" deverá ser criado",
                  "fullTitle": "Trybewarts 14) Crie campo de entrada para avaliar de 1 a 10 o nível de satisfação com a Trybewarts Um elemento com o id label-rate e o texto \"Como você avalia a Trybewarts?\" deverá ser criado",
                  "timedOut": null,
                  "duration": 171,
                  "state": "passed",
                  "speed": "slow",
                  "pass": true,
                  "fail": false,
                  "pending": false,
                  "context": null,
                  "code": "cy.get('#label-rate').contains(LABEL_RATE_TEXT);",
                  "err": {},
                  "uuid": "f140144e-78b2-42d5-9000-00c3a02cc8bf",
                  "parentUUID": "e6bb2271-978f-4185-9667-41bf543aa55d",
                  "isHook": false,
                  "skipped": false
                },
                {
                  "title": "O campo deve ser formado por dez radio buttons, contendo as opções de 1 a 10",
                  "fullTitle": "Trybewarts 14) Crie campo de entrada para avaliar de 1 a 10 o nível de satisfação com a Trybewarts O campo deve ser formado por dez radio buttons, contendo as opções de 1 a 10",
                  "timedOut": null,
                  "duration": 209,
                  "state": "passed",
                  "speed": "slow",
                  "pass": true,
                  "fail": false,
                  "pending": false,
                  "context": null,
                  "code": "cy.get('input[name=\"rate\"]').its('length').should('be.gt', 9);",
                  "err": {},
                  "uuid": "d2f768b3-eb57-405d-9da1-883abb0778d3",
                  "parentUUID": "e6bb2271-978f-4185-9667-41bf543aa55d",
                  "isHook": false,
                  "skipped": false
                },
                {
                  "title": "Posicione os radio buttons à direita do label",
                  "fullTitle": "Trybewarts 14) Crie campo de entrada para avaliar de 1 a 10 o nível de satisfação com a Trybewarts Posicione os radio buttons à direita do label",
                  "timedOut": null,
                  "duration": 182,
                  "state": "passed",
                  "speed": "slow",
                  "pass": true,
                  "fail": false,
                  "pending": false,
                  "context": null,
                  "code": "checkIsRightOf('#label-rate', 'input[value=\"1\"]');",
                  "err": {},
                  "uuid": "bdef0f77-5119-41c8-b2e2-e41be7f471d4",
                  "parentUUID": "e6bb2271-978f-4185-9667-41bf543aa55d",
                  "isHook": false,
                  "skipped": false
                }
              ],
              "suites": [],
              "passes": [
                "f140144e-78b2-42d5-9000-00c3a02cc8bf",
                "d2f768b3-eb57-405d-9da1-883abb0778d3",
                "bdef0f77-5119-41c8-b2e2-e41be7f471d4"
              ],
              "failures": [],
              "pending": [],
              "skipped": [],
              "duration": 562,
              "root": false,
              "rootEmpty": false,
              "_timeout": 2000
            },
            {
              "uuid": "9b8972fa-2bd6-40a0-b1a1-bdab43b50c3d",
              "title": "15) Crie uma textarea com o id 'textarea' contendo o número máximo de caracteres igual à 500",
              "fullFile": "",
              "file": "",
              "beforeHooks": [],
              "afterHooks": [],
              "tests": [
                {
                  "title": "Um elemento com o id textarea e o texto \"Deixe seu comentário:\" deverá ser criado\" ",
                  "fullTitle": "Trybewarts 15) Crie uma textarea com o id 'textarea' contendo o número máximo de caracteres igual à 500 Um elemento com o id textarea e o texto \"Deixe seu comentário:\" deverá ser criado\" ",
                  "timedOut": null,
                  "duration": 226,
                  "state": "passed",
                  "speed": "slow",
                  "pass": true,
                  "fail": false,
                  "pending": false,
                  "context": null,
                  "code": "cy.get('.textarea').contains(LABEL_TEXTAREA);",
                  "err": {},
                  "uuid": "bdc11ce2-a2e8-453f-8c89-ee3df030815a",
                  "parentUUID": "9b8972fa-2bd6-40a0-b1a1-bdab43b50c3d",
                  "isHook": false,
                  "skipped": false
                },
                {
                  "title": "O campo `textarea` deverá ter o máximo de 500 caracteres",
                  "fullTitle": "Trybewarts 15) Crie uma textarea com o id 'textarea' contendo o número máximo de caracteres igual à 500 O campo `textarea` deverá ter o máximo de 500 caracteres",
                  "timedOut": null,
                  "duration": 211,
                  "state": "passed",
                  "speed": "slow",
                  "pass": true,
                  "fail": false,
                  "pending": false,
                  "context": null,
                  "code": "cy.get('textarea').should('have.attr', 'maxlength', '500');",
                  "err": {},
                  "uuid": "1a41cd0b-92ab-4f1b-99e6-3c11696e06e5",
                  "parentUUID": "9b8972fa-2bd6-40a0-b1a1-bdab43b50c3d",
                  "isHook": false,
                  "skipped": false
                }
              ],
              "suites": [],
              "passes": [
                "bdc11ce2-a2e8-453f-8c89-ee3df030815a",
                "1a41cd0b-92ab-4f1b-99e6-3c11696e06e5"
              ],
              "failures": [],
              "pending": [],
              "skipped": [],
              "duration": 437,
              "root": false,
              "rootEmpty": false,
              "_timeout": 2000
            },
            {
              "uuid": "57f45d85-1dbc-4f6a-a4e0-3467d7ebd033",
              "title": "16) Crie um campo de entrada do tipo 'checkbox' com o id 'agreement' para validar as informações",
              "fullFile": "",
              "file": "",
              "beforeHooks": [],
              "afterHooks": [],
              "tests": [
                {
                  "title": "Uma label com o id \"label-infos\" deve possuir o texto \"Você concorda com o uso das informações acima?\"",
                  "fullTitle": "Trybewarts 16) Crie um campo de entrada do tipo 'checkbox' com o id 'agreement' para validar as informações Uma label com o id \"label-infos\" deve possuir o texto \"Você concorda com o uso das informações acima?\"",
                  "timedOut": null,
                  "duration": 194,
                  "state": "passed",
                  "speed": "slow",
                  "pass": true,
                  "fail": false,
                  "pending": false,
                  "context": null,
                  "code": "cy.get(\"label#label-infos\").should('exist').contains('Você concorda com o uso das informações acima?');",
                  "err": {},
                  "uuid": "51758d5c-ed3f-4c95-9f70-7af9d3f95022",
                  "parentUUID": "57f45d85-1dbc-4f6a-a4e0-3467d7ebd033",
                  "isHook": false,
                  "skipped": false
                },
                {
                  "title": "Um input do tipo checkbox deve existir e deve possuir o id \"agreement\"",
                  "fullTitle": "Trybewarts 16) Crie um campo de entrada do tipo 'checkbox' com o id 'agreement' para validar as informações Um input do tipo checkbox deve existir e deve possuir o id \"agreement\"",
                  "timedOut": null,
                  "duration": 224,
                  "state": "passed",
                  "speed": "slow",
                  "pass": true,
                  "fail": false,
                  "pending": false,
                  "context": null,
                  "code": "cy.get('input#agreement[type=\"checkbox\"]').should('exist');",
                  "err": {},
                  "uuid": "d920bbcd-3f41-46f4-b6dc-cd1b5b69020e",
                  "parentUUID": "57f45d85-1dbc-4f6a-a4e0-3467d7ebd033",
                  "isHook": false,
                  "skipped": false
                }
              ],
              "suites": [],
              "passes": [
                "51758d5c-ed3f-4c95-9f70-7af9d3f95022",
                "d920bbcd-3f41-46f4-b6dc-cd1b5b69020e"
              ],
              "failures": [],
              "pending": [],
              "skipped": [],
              "duration": 418,
              "root": false,
              "rootEmpty": false,
              "_timeout": 2000
            },
            {
              "uuid": "3b2d9191-dfba-48c8-be1e-7db287a3aa9e",
              "title": "17) Crie um botão de Enviar para submeter o formulário",
              "fullFile": "",
              "file": "",
              "beforeHooks": [],
              "afterHooks": [],
              "tests": [
                {
                  "title": "Deve existir um botão com o id \"submit-btn\" e o texto \"Enviar\"",
                  "fullTitle": "Trybewarts 17) Crie um botão de Enviar para submeter o formulário Deve existir um botão com o id \"submit-btn\" e o texto \"Enviar\"",
                  "timedOut": null,
                  "duration": 210,
                  "state": "passed",
                  "speed": "slow",
                  "pass": true,
                  "fail": false,
                  "pending": false,
                  "context": null,
                  "code": "cy.get('button#submit-btn[type=\"submit\"]').should('exist').should('have.text', 'Enviar');",
                  "err": {},
                  "uuid": "86efc0ee-4430-4397-9d99-03e0918a13ef",
                  "parentUUID": "3b2d9191-dfba-48c8-be1e-7db287a3aa9e",
                  "isHook": false,
                  "skipped": false
                }
              ],
              "suites": [],
              "passes": [
                "86efc0ee-4430-4397-9d99-03e0918a13ef"
              ],
              "failures": [],
              "pending": [],
              "skipped": [],
              "duration": 210,
              "root": false,
              "rootEmpty": false,
              "_timeout": 2000
            },
            {
              "uuid": "6215edff-973f-4964-aceb-0a2021be6804",
              "title": "18) O botão 'Enviar' deverá ser habilitado somente após a checkbox do requisito 17 ser selecionada",
              "fullFile": "",
              "file": "",
              "beforeHooks": [],
              "afterHooks": [],
              "tests": [
                {
                  "title": "O botão deve inicialmente estar desabilitado",
                  "fullTitle": "Trybewarts 18) O botão 'Enviar' deverá ser habilitado somente após a checkbox do requisito 17 ser selecionada O botão deve inicialmente estar desabilitado",
                  "timedOut": null,
                  "duration": 200,
                  "state": "passed",
                  "speed": "slow",
                  "pass": true,
                  "fail": false,
                  "pending": false,
                  "context": null,
                  "code": "cy.get('button#submit-btn').should('be.disabled');",
                  "err": {},
                  "uuid": "986baf03-268c-4cdf-8702-d63aa31b24a0",
                  "parentUUID": "6215edff-973f-4964-aceb-0a2021be6804",
                  "isHook": false,
                  "skipped": false
                },
                {
                  "title": "Ao marcar o campo de confirmação, o botão de Enviar deve ser habilitado",
                  "fullTitle": "Trybewarts 18) O botão 'Enviar' deverá ser habilitado somente após a checkbox do requisito 17 ser selecionada Ao marcar o campo de confirmação, o botão de Enviar deve ser habilitado",
                  "timedOut": null,
                  "duration": 278,
                  "state": "passed",
                  "speed": "slow",
                  "pass": true,
                  "fail": false,
                  "pending": false,
                  "context": null,
                  "code": "cy.get('input#agreement').check();\ncy.get('button#submit-btn').should('not.be.disabled');",
                  "err": {},
                  "uuid": "9a19e860-8e8d-467e-ad87-cc8f31253309",
                  "parentUUID": "6215edff-973f-4964-aceb-0a2021be6804",
                  "isHook": false,
                  "skipped": false
                }
              ],
              "suites": [],
              "passes": [
                "986baf03-268c-4cdf-8702-d63aa31b24a0",
                "9a19e860-8e8d-467e-ad87-cc8f31253309"
              ],
              "failures": [],
              "pending": [],
              "skipped": [],
              "duration": 478,
              "root": false,
              "rootEmpty": false,
              "_timeout": 2000
            },
            {
              "uuid": "aa168c46-77c6-4de9-addd-778e0ede8593",
              "title": "19) Crie um rodapé no final da página",
              "fullFile": "",
              "file": "",
              "beforeHooks": [],
              "afterHooks": [],
              "tests": [
                {
                  "title": "O rodapé deve conter o texto \"Direitos reservados à Trybewarts©\"",
                  "fullTitle": "Trybewarts 19) Crie um rodapé no final da página O rodapé deve conter o texto \"Direitos reservados à Trybewarts©\"",
                  "timedOut": null,
                  "duration": 144,
                  "state": "passed",
                  "speed": "slow",
                  "pass": true,
                  "fail": false,
                  "pending": false,
                  "context": null,
                  "code": "cy.get('footer').should('exist').contains('Direitos reservados à Trybewarts©');",
                  "err": {},
                  "uuid": "1e0d383b-6e46-4ec3-9f41-32a7e006be72",
                  "parentUUID": "aa168c46-77c6-4de9-addd-778e0ede8593",
                  "isHook": false,
                  "skipped": false
                }
              ],
              "suites": [],
              "passes": [
                "1e0d383b-6e46-4ec3-9f41-32a7e006be72"
              ],
              "failures": [],
              "pending": [],
              "skipped": [],
              "duration": 144,
              "root": false,
              "rootEmpty": false,
              "_timeout": 2000
            },
            {
              "uuid": "d2053e89-f026-49ac-b0d7-8998dfc0d472",
              "title": "20) Crie um contador com o ID 'counter' contendo o número de caracteres disponíveis no textarea, variando de 500 até 0, que devera ser atualizado a medida que algo for digitado na textarea",
              "fullFile": "",
              "file": "",
              "beforeHooks": [],
              "afterHooks": [],
              "tests": [
                {
                  "title": "Deve existir um contador com o ID \"counter\"",
                  "fullTitle": "Trybewarts 20) Crie um contador com o ID 'counter' contendo o número de caracteres disponíveis no textarea, variando de 500 até 0, que devera ser atualizado a medida que algo for digitado na textarea Deve existir um contador com o ID \"counter\"",
                  "timedOut": null,
                  "duration": 175,
                  "state": "passed",
                  "speed": "slow",
                  "pass": true,
                  "fail": false,
                  "pending": false,
                  "context": null,
                  "code": "cy.get('#counter').should('exist');",
                  "err": {},
                  "uuid": "03fe5321-5944-40ad-8b72-0da5cd459de6",
                  "parentUUID": "d2053e89-f026-49ac-b0d7-8998dfc0d472",
                  "isHook": false,
                  "skipped": false
                },
                {
                  "title": "O contador de caracteres deve ser atualizado conforme o conteúdo do textarea muda.",
                  "fullTitle": "Trybewarts 20) Crie um contador com o ID 'counter' contendo o número de caracteres disponíveis no textarea, variando de 500 até 0, que devera ser atualizado a medida que algo for digitado na textarea O contador de caracteres deve ser atualizado conforme o conteúdo do textarea muda.",
                  "timedOut": null,
                  "duration": 886,
                  "state": "passed",
                  "speed": "slow",
                  "pass": true,
                  "fail": false,
                  "pending": false,
                  "context": null,
                  "code": "cy.get(\"#counter\").contains('500');\ncy.get(\"#textarea\").type('Salve salve família');\ncy.get(\"#counter\").contains('481');\ncy.get('#textarea').clear();\ncy.get(\"#counter\").should('contain', '500');\ncy.get('#textarea').type('Salve salve');\ncy.get(\"#counter\").should('contain', '489');",
                  "err": {},
                  "uuid": "b80ce54a-516a-43a6-b132-dadeadb927de",
                  "parentUUID": "d2053e89-f026-49ac-b0d7-8998dfc0d472",
                  "isHook": false,
                  "skipped": false
                }
              ],
              "suites": [],
              "passes": [
                "03fe5321-5944-40ad-8b72-0da5cd459de6",
                "b80ce54a-516a-43a6-b132-dadeadb927de"
              ],
              "failures": [],
              "pending": [],
              "skipped": [],
              "duration": 1061,
              "root": false,
              "rootEmpty": false,
              "_timeout": 2000
            },
            {
              "uuid": "e480f100-d994-42b3-881f-a505eeaa7dd2",
              "title": "21) Ao clicar no botão 'Enviar', o conteúdo do formulário deve ser substituído pelas informações preenchidas",
              "fullFile": "",
              "file": "",
              "beforeHooks": [],
              "afterHooks": [],
              "tests": [
                {
                  "title": "Deve haver um texto no modelo \"Nome: John Doe\" (substitua John Doe pelo nome e sobrenome preenchido no formulário)",
                  "fullTitle": "Trybewarts 21) Ao clicar no botão 'Enviar', o conteúdo do formulário deve ser substituído pelas informações preenchidas Deve haver um texto no modelo \"Nome: John Doe\" (substitua John Doe pelo nome e sobrenome preenchido no formulário)",
                  "timedOut": null,
                  "duration": 1977,
                  "state": "passed",
                  "speed": "slow",
                  "pass": true,
                  "fail": false,
                  "pending": false,
                  "context": null,
                  "code": "cy.get('#evaluation-form').contains(\"Nome: \".concat(firstName, \" \").concat(lastName));",
                  "err": {},
                  "uuid": "2f9acbd9-f8de-4243-80fd-9bf2591ee908",
                  "parentUUID": "e480f100-d994-42b3-881f-a505eeaa7dd2",
                  "isHook": false,
                  "skipped": false
                },
                {
                  "title": "Deve haver um texto no modelo \"Email: alguem@email.com\"",
                  "fullTitle": "Trybewarts 21) Ao clicar no botão 'Enviar', o conteúdo do formulário deve ser substituído pelas informações preenchidas Deve haver um texto no modelo \"Email: alguem@email.com\"",
                  "timedOut": null,
                  "duration": 1966,
                  "state": "passed",
                  "speed": "slow",
                  "pass": true,
                  "fail": false,
                  "pending": false,
                  "context": null,
                  "code": "cy.get('#evaluation-form').contains(\"Email: \".concat(email));",
                  "err": {},
                  "uuid": "ab5d143e-0bd2-4b3c-8302-0c2a1b198834",
                  "parentUUID": "e480f100-d994-42b3-881f-a505eeaa7dd2",
                  "isHook": false,
                  "skipped": false
                },
                {
                  "title": "Deve haver um texto no modelo \"Casa: -Casa marcada-\"",
                  "fullTitle": "Trybewarts 21) Ao clicar no botão 'Enviar', o conteúdo do formulário deve ser substituído pelas informações preenchidas Deve haver um texto no modelo \"Casa: -Casa marcada-\"",
                  "timedOut": null,
                  "duration": 1966,
                  "state": "passed",
                  "speed": "slow",
                  "pass": true,
                  "fail": false,
                  "pending": false,
                  "context": null,
                  "code": "cy.get('#evaluation-form').contains(\"Casa: \".concat(house));",
                  "err": {},
                  "uuid": "0eeed80d-e17c-470b-8b01-383886117259",
                  "parentUUID": "e480f100-d994-42b3-881f-a505eeaa7dd2",
                  "isHook": false,
                  "skipped": false
                },
                {
                  "title": "Deve haver um texto no modelo \"Família: -Família marcada-\"",
                  "fullTitle": "Trybewarts 21) Ao clicar no botão 'Enviar', o conteúdo do formulário deve ser substituído pelas informações preenchidas Deve haver um texto no modelo \"Família: -Família marcada-\"",
                  "timedOut": null,
                  "duration": 1992,
                  "state": "passed",
                  "speed": "slow",
                  "pass": true,
                  "fail": false,
                  "pending": false,
                  "context": null,
                  "code": "cy.get('#evaluation-form').contains(\"Fam\\xEDlia: \".concat(family));",
                  "err": {},
                  "uuid": "bfa1e175-ccb5-4598-8e04-c4dd3176fe03",
                  "parentUUID": "e480f100-d994-42b3-881f-a505eeaa7dd2",
                  "isHook": false,
                  "skipped": false
                },
                {
                  "title": "Deve haver um texto no modelo \"Matérias: -Matérias marcadas-\"",
                  "fullTitle": "Trybewarts 21) Ao clicar no botão 'Enviar', o conteúdo do formulário deve ser substituído pelas informações preenchidas Deve haver um texto no modelo \"Matérias: -Matérias marcadas-\"",
                  "timedOut": null,
                  "duration": 1924,
                  "state": "passed",
                  "speed": "slow",
                  "pass": true,
                  "fail": false,
                  "pending": false,
                  "context": null,
                  "code": "cy.get('#evaluation-form').contains('Matérias: Jest, React, SQL');",
                  "err": {},
                  "uuid": "384ba7c8-7fa3-42c3-b7a7-37e920a6db0b",
                  "parentUUID": "e480f100-d994-42b3-881f-a505eeaa7dd2",
                  "isHook": false,
                  "skipped": false
                },
                {
                  "title": "Deve haver um texto no modelo \"Avaliação: -Nota marcada-\"",
                  "fullTitle": "Trybewarts 21) Ao clicar no botão 'Enviar', o conteúdo do formulário deve ser substituído pelas informações preenchidas Deve haver um texto no modelo \"Avaliação: -Nota marcada-\"",
                  "timedOut": null,
                  "duration": 1985,
                  "state": "passed",
                  "speed": "slow",
                  "pass": true,
                  "fail": false,
                  "pending": false,
                  "context": null,
                  "code": "cy.get('#evaluation-form').contains(\"Avalia\\xE7\\xE3o: \".concat(rate));",
                  "err": {},
                  "uuid": "3641b26b-519c-4dd5-99e6-cd0c9b35e6d7",
                  "parentUUID": "e480f100-d994-42b3-881f-a505eeaa7dd2",
                  "isHook": false,
                  "skipped": false
                },
                {
                  "title": "Deve haver um texto no modelo \"Observações: -Texto preenchido-\"",
                  "fullTitle": "Trybewarts 21) Ao clicar no botão 'Enviar', o conteúdo do formulário deve ser substituído pelas informações preenchidas Deve haver um texto no modelo \"Observações: -Texto preenchido-\"",
                  "timedOut": null,
                  "duration": 1956,
                  "state": "passed",
                  "speed": "slow",
                  "pass": true,
                  "fail": false,
                  "pending": false,
                  "context": null,
                  "code": "cy.get('#evaluation-form').contains(\"Observa\\xE7\\xF5es: \".concat(observation));",
                  "err": {},
                  "uuid": "60ff7c2a-d33f-48cf-93d2-efe75ebfa60a",
                  "parentUUID": "e480f100-d994-42b3-881f-a505eeaa7dd2",
                  "isHook": false,
                  "skipped": false
                }
              ],
              "suites": [],
              "passes": [
                "2f9acbd9-f8de-4243-80fd-9bf2591ee908",
                "ab5d143e-0bd2-4b3c-8302-0c2a1b198834",
                "0eeed80d-e17c-470b-8b01-383886117259",
                "bfa1e175-ccb5-4598-8e04-c4dd3176fe03",
                "384ba7c8-7fa3-42c3-b7a7-37e920a6db0b",
                "3641b26b-519c-4dd5-99e6-cd0c9b35e6d7",
                "60ff7c2a-d33f-48cf-93d2-efe75ebfa60a"
              ],
              "failures": [],
              "pending": [],
              "skipped": [],
              "duration": 13766,
              "root": false,
              "rootEmpty": false,
              "_timeout": 2000
            }
          ],
          "passes": [],
          "failures": [],
          "pending": [],
          "skipped": [],
          "duration": 0,
          "root": false,
          "rootEmpty": false,
          "_timeout": 2000
        }
      ],
      "passes": [],
      "failures": [],
      "pending": [],
      "skipped": [],
      "duration": 0,
      "root": true,
      "rootEmpty": true,
      "_timeout": 2000
    }
  ],
  "meta": {
    "mocha": {
      "version": "7.0.1"
    },
    "mochawesome": {
      "options": {
        "quiet": false,
        "reportFilename": "mochawesome",
        "saveHtml": false,
        "saveJson": true,
        "consoleReporter": "spec",
        "useInlineDiffs": false,
        "code": true
      },
      "version": "6.2.2"
    },
    "marge": {
      "options": {
        "id": "default",
        "reportDir": "cypress/reports",
        "overwrite": false,
        "html": false,
        "json": true
      },
      "version": "5.2.0"
    }
  }
}